#
# There is insufficient memory for the Java Runtime Environment to continue.
# Native memory allocation (mmap) failed to map 264241152 bytes. Error detail: G1 virtual space
# Possible reasons:
#   The system is out of physical RAM or swap space
#   This process is running with CompressedOops enabled, and the Java Heap may be blocking the growth of the native heap
# Possible solutions:
#   Reduce memory load on the system
#   Increase physical memory or swap space
#   Check if swap backing store is full
#   Decrease Java heap size (-Xmx/-Xms)
#   Decrease number of Java threads
#   Decrease Java thread stack sizes (-Xss)
#   Set larger code cache with -XX:ReservedCodeCacheSize=
#   JVM is running with Zero Based Compressed Oops mode in which the Java heap is
#     placed in the first 32GB address space. The Java Heap base address is the
#     maximum limit for the native heap growth. Please use -XX:HeapBaseMinAddress
#     to set the Java Heap base and to place the Java Heap above 32GB virtual address.
# This output file may be truncated or incomplete.
#
#  Out of Memory Error (os_windows.cpp:3815), pid=28504, tid=19972
#
# JRE version:  (21.0.3) (build )
# Java VM: OpenJDK 64-Bit Server VM (21.0.3+-12282718-b509.11, mixed mode, sharing, tiered, compressed oops, compressed class ptrs, g1 gc, windows-amd64)
# No core dump will be written. Minidumps are not enabled by default on client versions of Windows
#

---------------  S U M M A R Y ------------

Command Line: org.jetbrains.kotlin.cli.jvm.K2JVMCompiler @C:\Users\Alex\AndroidStudioProjects\MovieDates\app\build\20260605_6289175053633055525.compiler.options

Host: 11th Gen Intel(R) Core(TM) i5-11320H @ 3.20GHz, 8 cores, 15G,  Windows 11 , 64 bit Build 26100 (10.0.26100.8328)
Time: Fri Jun  5 20:33:38 2026 GTB Daylight Time elapsed time: 2.038885 seconds (0d 0h 0m 2s)

---------------  T H R E A D  ---------------

Current thread (0x0000021d207d1ff0):  JavaThread "Unknown thread" [_thread_in_vm, id=19972, stack(0x0000009e7ac00000,0x0000009e7ad00000) (1024K)]

Stack: [0x0000009e7ac00000,0x0000009e7ad00000]
Native frames: (J=compiled Java code, j=interpreted, Vv=VM code, C=native code)
V  [jvm.dll+0x6cafb9]
V  [jvm.dll+0x858523]
V  [jvm.dll+0x85aa7e]
V  [jvm.dll+0x85b163]
V  [jvm.dll+0x27d356]
V  [jvm.dll+0x6c7865]
V  [jvm.dll+0x6bbd3a]
V  [jvm.dll+0x35199b]
V  [jvm.dll+0x3595d6]
V  [jvm.dll+0x3aa826]
V  [jvm.dll+0x3aaaf8]
V  [jvm.dll+0x3240bc]
V  [jvm.dll+0x324dab]
V  [jvm.dll+0x81fd89]
V  [jvm.dll+0x3b7c08]
V  [jvm.dll+0x80921d]
V  [jvm.dll+0x44c05e]
V  [jvm.dll+0x44d6b1]
C  [jli.dll+0x52ab]
C  [ucrtbase.dll+0x37b0]
C  [KERNEL32.DLL+0x2e957]
C  [ntdll.dll+0x427c]


---------------  P R O C E S S  ---------------

Threads class SMR info:
_java_thread_list=0x00007ff84b4b57c8, length=0, elements={
}

Java Threads: ( => current thread )
Total: 0

Other Threads:
  0x0000021d2168a390 WorkerThread "GC Thread#0"                     [id=5212, stack(0x0000009e7ad00000,0x0000009e7ae00000) (1024K)]
  0x0000021d2169b780 ConcurrentGCThread "G1 Main Marker"            [id=26244, stack(0x0000009e7ae00000,0x0000009e7af00000) (1024K)]
  0x0000021d2169d0c0 WorkerThread "G1 Conc#0"                       [id=14656, stack(0x0000009e7af00000,0x0000009e7b000000) (1024K)]

[error occurred during error reporting (printing all threads), id 0xc0000005, EXCEPTION_ACCESS_VIOLATION (0xc0000005) at pc=0x00007ff84acb7197]
VM state: not at safepoint (not fully initialized)

VM Mutex/Monitor currently owned by a thread:  ([mutex/lock_event])
[0x00007ff84b5221c8] Heap_lock - owner thread: 0x0000021d207d1ff0

Heap address: 0x0000000704000000, size: 4032 MB, Compressed Oops mode: Zero based, Oop shift amount: 3

CDS archive(s) mapped at: [0x0000000000000000-0x0000000000000000-0x0000000000000000), size 0, SharedBaseAddress: 0x0000000800000000, ArchiveRelocationMode: 1.
Narrow klass base: 0x0000000000000000, Narrow klass shift: 0, Narrow klass range: 0x0

GC Precious Log:
 CardTable entry size: 512
 Card Set container configuration: InlinePtr #cards 4 size 8 Array Of Cards #cards 16 size 48 Howl #buckets 8 coarsen threshold 3686 Howl Bitmap #cards 512 size 80 coarsen threshold 460 Card regions per heap region 1 cards per card region 4096

Heap:
 garbage-first heap   total 0K, used 0K [0x0000000704000000, 0x0000000800000000)
  region size 2048K, 0 young (0K), 0 survivors (0K)
 Metaspace       used 0K, committed 0K, reserved 0K
  class space    used 0K, committed 0K, reserved 0K

Heap Regions: E=young(eden), S=young(survivor), O=old, HS=humongous(starts), HC=humongous(continues), CS=collection set, F=free, TAMS=top-at-mark-start, PB=parsable bottom

Card table byte_map: [0x0000021d361e0000,0x0000021d369c0000] _byte_map_base: 0x0000021d329c0000

Marking Bits: (CMBitMap*) 0x0000021d2168b2a0
 Bits: [0x0000021d369c0000, 0x0000021d3a8c0000)

GC Heap History (0 events):
No events

Dll operation events (1 events):
Event: 0.017 Loaded shared library C:\Program Files\Android\Android Studio\jbr\bin\java.dll

Deoptimization events (0 events):
No events

Classes loaded (0 events):
No events

Classes unloaded (0 events):
No events

Classes redefined (0 events):
No events

Internal exceptions (0 events):
No events

ZGC Phase Switch (0 events):
No events

VM Operations (0 events):
No events

Events (0 events):
No events


Dynamic libraries:
0x00007ff7e9620000 - 0x00007ff7e962a000 	C:\Program Files\Android\Android Studio\jbr\bin\java.exe
0x00007ff8e8800000 - 0x00007ff8e8a67000 	C:\WINDOWS\SYSTEM32\ntdll.dll
0x00007ff8e7e60000 - 0x00007ff8e7f29000 	C:\WINDOWS\System32\KERNEL32.DLL
0x00007ff8e5d70000 - 0x00007ff8e6167000 	C:\WINDOWS\System32\KERNELBASE.dll
0x00007ff89bd70000 - 0x00007ff89be4b000 	C:\Program Files\Bitdefender\Bitdefender Security\bdhkm\dlls_268351235206952720\bdhkm64.dll
0x00007ff89bb90000 - 0x00007ff89bd6c000 	C:\Program Files\Bitdefender\Bitdefender Security\atcuf\dlls_268351235146064090\atcuf64.dll
0x00007ff8e5aa0000 - 0x00007ff8e5beb000 	C:\WINDOWS\System32\ucrtbase.dll
0x00007ff8c2dd0000 - 0x00007ff8c2de8000 	C:\Program Files\Android\Android Studio\jbr\bin\jli.dll
0x00007ff8e7610000 - 0x00007ff8e77d6000 	C:\WINDOWS\System32\USER32.dll
0x00007ff8e5c80000 - 0x00007ff8e5ca7000 	C:\WINDOWS\System32\win32u.dll
0x00007ff8e6720000 - 0x00007ff8e674b000 	C:\WINDOWS\System32\GDI32.dll
0x00007ff8e63a0000 - 0x00007ff8e64cc000 	C:\WINDOWS\System32\gdi32full.dll
0x00007ff8e6170000 - 0x00007ff8e6213000 	C:\WINDOWS\System32\msvcp_win.dll
0x00007ff8d1f60000 - 0x00007ff8d1f7b000 	C:\Program Files\Android\Android Studio\jbr\bin\VCRUNTIME140.dll
0x00007ff8c1210000 - 0x00007ff8c14a2000 	C:\WINDOWS\WinSxS\amd64_microsoft.windows.common-controls_6595b64144ccf1df_6.0.26100.8457_none_3e0b2faee331e92d\COMCTL32.dll
0x00007ff8e8710000 - 0x00007ff8e87b9000 	C:\WINDOWS\System32\msvcrt.dll
0x00007ff8e75d0000 - 0x00007ff8e7602000 	C:\WINDOWS\System32\IMM32.DLL
0x00007ff8d1f50000 - 0x00007ff8d1f5c000 	C:\Program Files\Android\Android Studio\jbr\bin\vcruntime140_1.dll
0x00007ff8c2d40000 - 0x00007ff8c2dcd000 	C:\Program Files\Android\Android Studio\jbr\bin\msvcp140.dll
0x00007ff84a980000 - 0x00007ff84b5fd000 	C:\Program Files\Android\Android Studio\jbr\bin\server\jvm.dll
0x00007ff8e8370000 - 0x00007ff8e8426000 	C:\WINDOWS\System32\ADVAPI32.dll
0x00007ff8e82c0000 - 0x00007ff8e8367000 	C:\WINDOWS\System32\sechost.dll
0x00007ff8e7ab0000 - 0x00007ff8e7bc8000 	C:\WINDOWS\System32\RPCRT4.dll
0x00007ff8e8590000 - 0x00007ff8e8610000 	C:\WINDOWS\System32\WS2_32.dll
0x00007ff8e5090000 - 0x00007ff8e50ee000 	C:\WINDOWS\SYSTEM32\POWRPROF.dll
0x00007ff8da9c0000 - 0x00007ff8da9f6000 	C:\WINDOWS\SYSTEM32\WINMM.dll
0x00007ff8da750000 - 0x00007ff8da75b000 	C:\WINDOWS\SYSTEM32\VERSION.dll
0x00007ff8e5070000 - 0x00007ff8e5084000 	C:\WINDOWS\SYSTEM32\UMPDC.dll
0x00007ff8e3f80000 - 0x00007ff8e3f9b000 	C:\WINDOWS\SYSTEM32\kernel.appcore.dll
0x00007ff8cf890000 - 0x00007ff8cf89a000 	C:\Program Files\Android\Android Studio\jbr\bin\jimage.dll
0x00007ff8e32f0000 - 0x00007ff8e3532000 	C:\WINDOWS\SYSTEM32\DBGHELP.DLL
0x00007ff8e7f30000 - 0x00007ff8e82b3000 	C:\WINDOWS\System32\combase.dll
0x00007ff8e77e0000 - 0x00007ff8e78b9000 	C:\WINDOWS\System32\OLEAUT32.dll
0x00007ff8a7e70000 - 0x00007ff8a7eab000 	C:\WINDOWS\SYSTEM32\dbgcore.DLL
0x00007ff8e64d0000 - 0x00007ff8e6578000 	C:\WINDOWS\System32\bcryptPrimitives.dll
0x00007ff8cf870000 - 0x00007ff8cf88f000 	C:\Program Files\Android\Android Studio\jbr\bin\java.dll

dbghelp: loaded successfully - version: 4.0.5 - missing functions: none
symbol engine: initialized successfully - sym options: 0x614 - pdb path: .;C:\Program Files\Android\Android Studio\jbr\bin;C:\WINDOWS\SYSTEM32;C:\Program Files\Bitdefender\Bitdefender Security\bdhkm\dlls_268351235206952720;C:\Program Files\Bitdefender\Bitdefender Security\atcuf\dlls_268351235146064090;C:\WINDOWS\WinSxS\amd64_microsoft.windows.common-controls_6595b64144ccf1df_6.0.26100.8457_none_3e0b2faee331e92d;C:\Program Files\Android\Android Studio\jbr\bin\server

VM Arguments:
java_command: org.jetbrains.kotlin.cli.jvm.K2JVMCompiler @C:\Users\Alex\AndroidStudioProjects\MovieDates\app\build\20260605_6289175053633055525.compiler.options
java_class_path (initial): C:\Users\Alex\.gradle\caches\modules-2\files-2.1\org.jetbrains.kotlin\kotlin-compiler-embeddable\2.0.0\1de310de3446414381282ffc46c3ed3919a4d1da\kotlin-compiler-embeddable-2.0.0.jar;C:\Users\Alex\.gradle\caches\modules-2\files-2.1\org.jetbrains.kotlin\kotlin-stdlib\2.0.0\b48df2c4aede9586cc931ead433bc02d6fd7879e\kotlin-stdlib-2.0.0.jar;C:\Users\Alex\.gradle\caches\modules-2\files-2.1\org.jetbrains.kotlin\kotlin-script-runtime\2.0.0\fdc27dd047d592fa41d2dfa21e7621287a361612\kotlin-script-runtime-2.0.0.jar;C:\Users\Alex\.gradle\caches\modules-2\files-2.1\org.jetbrains.kotlin\kotlin-reflect\1.6.10\1cbe9c92c12a94eea200d23c2bbaedaf3daf5132\kotlin-reflect-1.6.10.jar;C:\Users\Alex\.gradle\caches\modules-2\files-2.1\org.jetbrains.kotlin\kotlin-daemon-embeddable\2.0.0\b39c612768614c4428c96ee9c65477181fffe9d\kotlin-daemon-embeddable-2.0.0.jar;C:\Users\Alex\.gradle\caches\modules-2\files-2.1\org.jetbrains.intellij.deps\trove4j\1.0.20200330\3afb14d5f9ceb459d724e907a21145e8ff394f02\trove4j-1.0.20200330.jar;C:\Users\Alex\.gradle\caches\modules-2\files-2.1\org.jetbrains\annotations\13.0\919f0dfe192fb4e063e7dacadee7f8bb9a2672a9\annotations-13.0.jar
Launcher Type: SUN_STANDARD

[Global flags]
     intx CICompilerCount                          = 4                                         {product} {ergonomic}
     uint ConcGCThreads                            = 2                                         {product} {ergonomic}
     uint G1ConcRefinementThreads                  = 8                                         {product} {ergonomic}
   size_t G1HeapRegionSize                         = 2097152                                   {product} {ergonomic}
    uintx GCDrainStackTargetSize                   = 64                                        {product} {ergonomic}
   size_t InitialHeapSize                          = 264241152                                 {product} {ergonomic}
   size_t MarkStackSize                            = 4194304                                   {product} {ergonomic}
   size_t MaxHeapSize                              = 4227858432                                {product} {ergonomic}
   size_t MinHeapDeltaBytes                        = 2097152                                   {product} {ergonomic}
   size_t MinHeapSize                              = 8388608                                   {product} {ergonomic}
    uintx NonNMethodCodeHeapSize                   = 5839372                                {pd product} {ergonomic}
    uintx NonProfiledCodeHeapSize                  = 122909434                              {pd product} {ergonomic}
    uintx ProfiledCodeHeapSize                     = 122909434                              {pd product} {ergonomic}
    uintx ReservedCodeCacheSize                    = 251658240                              {pd product} {ergonomic}
     bool SegmentedCodeCache                       = true                                      {product} {ergonomic}
   size_t SoftMaxHeapSize                          = 4227858432                             {manageable} {ergonomic}
     bool UseCompressedOops                        = true                           {product lp64_product} {ergonomic}
     bool UseG1GC                                  = true                                      {product} {ergonomic}
     bool UseLargePagesIndividualAllocation        = false                                  {pd product} {ergonomic}

Logging:
Log output configuration:
 #0: stdout all=warning uptime,level,tags foldmultilines=false
 #1: stderr all=off uptime,level,tags foldmultilines=false

Environment Variables:
JAVA_HOME=C:\Program Files\Java\jdk-19
PATH=C:\Program Files\Common Files\Oracle\Java\javapath;C:\Program Files (x86)\Common Files\Oracle\Java\javapath;C:\WINDOWS\system32;C:\WINDOWS;C:\WINDOWS\System32\Wbem;C:\WINDOWS\System32\WindowsPowerShell\v1.0\;C:\WINDOWS\System32\OpenSSH\;C:\Program Files\dotnet\;C:\msys64\mingw64\bin;C:\Program Files\Microsoft SQL Server\150\Tools\Binn\;C:\Program Files\Microsoft SQL Server\Client SDK\ODBC\170\Tools\Binn\;C:\Program Files\Git\cmd;C:\Users\Alex\apache-maven-3.9.9\bin;C:\Users\Alex\apache-maven-3.9.9\bin\bin;C:\Program Files (x86)\Microsoft SQL Server\160\DTS\Binn\;C:\Program Files (x86)\Microsoft SQL Server\160\Tools\Binn\;C:\Program Files\Microsoft SQL Server\160\Tools\Binn\;C:\Program Files\Microsoft SQL Server\160\DTS\Binn\;C:\Program Files\Docker\Docker\resources\bin;C:\Program Files (x86)\Windows Kits\10\Windows Performance Toolkit\;C:\Users\Alex\AppData\Local\Microsoft\WindowsApps;C:\Users\Alex\AppData\Local\Programs\Microsoft VS Code\bin;C:\Users\Alex\Desktop\Quartus\modelsim_ase\win32aloem;C:\Users\Alex\AppData\Local\Programs\Azure Data Studio\bin;;C:\Program Files\JetBrains\IntelliJ IDEA Community Edition 2024.3.4.1\bin;;C:\Users\Alex\AppData\Local\Programs\Warp\bin
USERNAME=Alex
OS=Windows_NT
PROCESSOR_IDENTIFIER=Intel64 Family 6 Model 140 Stepping 2, GenuineIntel
TMP=C:\Users\Alex\AppData\Local\Temp
TEMP=C:\Users\Alex\AppData\Local\Temp




Periodic native trim disabled

JNI global refs:
JNI global refs: 0, weak refs: 0

JNI global refs memory usage: 0, weak refs: 0

Process memory usage:
Resident Set Size: 16052K (0% of 16509732K total physical memory with 1176452K free physical memory)

OOME stack traces (most recent first):
Classloader memory used:

---------------  S Y S T E M  ---------------

OS:
 Windows 11 , 64 bit Build 26100 (10.0.26100.8328)
OS uptime: 1 days 0:17 hours
Hyper-V role detected

CPU: total 8 (initial active 8) (4 cores per cpu, 2 threads per core) family 6 model 140 stepping 2 microcode 0x3c, cx8, cmov, fxsr, ht, mmx, 3dnowpref, sse, sse2, sse3, ssse3, sse4.1, sse4.2, popcnt, lzcnt, tsc, tscinvbit, avx, avx2, aes, erms, clmul, bmi1, bmi2, adx, avx512f, avx512dq, avx512cd, avx512bw, avx512vl, sha, fma, vzeroupper, avx512_vpopcntdq, avx512_vpclmulqdq, avx512_vaes, avx512_vnni, clflush, clflushopt, clwb, avx512_vbmi2, avx512_vbmi, hv, rdtscp, rdpid, fsrm, gfni, avx512_bitalg, f16c, cet_ibt, cet_ss, avx512_ifma
Processor Information for all 8 processors :
  Max Mhz: 2496, Current Mhz: 2496, Mhz Limit: 2496

Memory: 4k page, system-wide physical 16122M (1148M free)
TotalPageFile size 24314M (AvailPageFile size 125M)
current process WorkingSet (physical memory assigned to process): 15M, peak: 15M
current process commit charge ("private bytes"): 63M, peak: 315M

vm_info: OpenJDK 64-Bit Server VM (21.0.3+-12282718-b509.11) for windows-amd64 JRE (21.0.3+-12282718-b509.11), built on 2024-08-27T17:34:15Z by "builder" with MS VC++ 16.10 / 16.11 (VS2019)

END.
