#
# There is insufficient memory for the Java Runtime Environment to continue.
# Native memory allocation (mmap) failed to map 1048576 bytes. Error detail: G1 virtual space
# Possible reasons:
#   The system is out of physical RAM or swap space
#   This process is running with CompressedOops enabled, and the Java Heap may be blocking the growth of the native heap
# Possible solutions:
#   Reduce memory load on the system
#   Increase physical memory or swap space
#   Check if swap backing store is full
#   Decrease Java heap size (-Xmx/-Xms)
#   Decrease number of Java threads
#   Decrease Java thread stack sizes (-Xss)
#   Set larger code cache with -XX:ReservedCodeCacheSize=
#   JVM is running with Unscaled Compressed Oops mode in which the Java heap is
#     placed in the first 4GB address space. The Java Heap base address is the
#     maximum limit for the native heap growth. Please use -XX:HeapBaseMinAddress
#     to set the Java Heap base and to place the Java Heap above 4GB virtual address.
# This output file may be truncated or incomplete.
#
#  Out of Memory Error (os_windows.cpp:3815), pid=18172, tid=30568
#
# JRE version: OpenJDK Runtime Environment (21.0.3) (build 21.0.3+-12282718-b509.11)
# Java VM: OpenJDK 64-Bit Server VM (21.0.3+-12282718-b509.11, mixed mode, tiered, compressed oops, compressed class ptrs, g1 gc, windows-amd64)
# No core dump will be written. Minidumps are not enabled by default on client versions of Windows
#

---------------  S U M M A R Y ------------

Command Line: -XX:MaxMetaspaceSize=256m --add-opens=java.base/java.util=ALL-UNNAMED --add-opens=java.base/java.lang=ALL-UNNAMED --add-opens=java.base/java.lang.invoke=ALL-UNNAMED --add-opens=java.prefs/java.util.prefs=ALL-UNNAMED --add-exports=jdk.compiler/com.sun.tools.javac.api=ALL-UNNAMED --add-exports=jdk.compiler/com.sun.tools.javac.util=ALL-UNNAMED --add-opens=java.base/java.nio.charset=ALL-UNNAMED --add-opens=java.base/java.net=ALL-UNNAMED --add-opens=java.base/java.util.concurrent.atomic=ALL-UNNAMED -Xmx512m -Dfile.encoding=UTF-8 -Duser.country=US -Duser.language=en -Duser.variant -javaagent:C:\Users\Alex\.gradle\wrapper\dists\gradle-8.9-bin\90cnw93cvbtalezasaz0blq0a\gradle-8.9\lib\agents\gradle-instrumentation-agent-8.9.jar org.gradle.launcher.daemon.bootstrap.GradleDaemon 8.9

Host: 11th Gen Intel(R) Core(TM) i5-11320H @ 3.20GHz, 8 cores, 15G,  Windows 11 , 64 bit Build 26100 (10.0.26100.8328)
Time: Thu Jun 11 12:06:45 2026 GTB Daylight Time elapsed time: 8.243501 seconds (0d 0h 0m 8s)

---------------  T H R E A D  ---------------

Current thread (0x00000174781180f0):  WorkerThread "GC Thread#2"    [id=30568, stack(0x0000005472900000,0x0000005472a00000) (1024K)]

Stack: [0x0000005472900000,0x0000005472a00000]
Native frames: (J=compiled Java code, j=interpreted, Vv=VM code, C=native code)
V  [jvm.dll+0x6cafb9]
V  [jvm.dll+0x858523]
V  [jvm.dll+0x85aa7e]
V  [jvm.dll+0x85b163]
V  [jvm.dll+0x27d356]
V  [jvm.dll+0x6c7865]
V  [jvm.dll+0x6bbd3a]
V  [jvm.dll+0x35199b]
V  [jvm.dll+0x3595d6]
V  [jvm.dll+0x3aa52b]
V  [jvm.dll+0x3aabe4]
V  [jvm.dll+0x3aacad]
V  [jvm.dll+0x32586c]
V  [jvm.dll+0x3255c8]
V  [jvm.dll+0x315e36]
V  [jvm.dll+0x316cca]
V  [jvm.dll+0x3171f8]
V  [jvm.dll+0x316b2e]
V  [jvm.dll+0x35380a]
V  [jvm.dll+0x353b86]
V  [jvm.dll+0x354cca]
V  [jvm.dll+0x354944]
V  [jvm.dll+0x368fa9]
V  [jvm.dll+0x36966a]
V  [jvm.dll+0x369767]
V  [jvm.dll+0x36a64b]
V  [jvm.dll+0x885984]
V  [jvm.dll+0x800d78]
V  [jvm.dll+0x6c98cd]
C  [ucrtbase.dll+0x37b0]
C  [KERNEL32.DLL+0x2e957]
C  [ntdll.dll+0x427c]


---------------  P R O C E S S  ---------------

Threads class SMR info:
_java_thread_list=0x00000174782538a0, length=26, elements={
0x000001745b06b2b0, 0x00000174739f4fd0, 0x00000174739f7b40, 0x0000017473a066c0,
0x00000174739fcee0, 0x0000017473a07120, 0x00000174739dd2c0, 0x00000174739e0400,
0x0000017473a0b7c0, 0x0000017473b71110, 0x00000174780290c0, 0x0000017479ba2e80,
0x0000017479cfb100, 0x0000017479cf2a40, 0x0000017479e02360, 0x0000017479e029d0,
0x0000017479d88af0, 0x0000017479b94e90, 0x0000017479b96240, 0x0000017479b95520,
0x0000017479b975f0, 0x0000017479b98310, 0x0000017479b96f60, 0x0000017479b968d0,
0x0000017479e76e80, 0x000001747b9241b0
}

Java Threads: ( => current thread )
  0x000001745b06b2b0 JavaThread "main"                              [_thread_blocked, id=30124, stack(0x0000005471500000,0x0000005471600000) (1024K)]
  0x00000174739f4fd0 JavaThread "Reference Handler"          daemon [_thread_blocked, id=27600, stack(0x0000005471d00000,0x0000005471e00000) (1024K)]
  0x00000174739f7b40 JavaThread "Finalizer"                  daemon [_thread_blocked, id=11260, stack(0x0000005471e00000,0x0000005471f00000) (1024K)]
  0x0000017473a066c0 JavaThread "Signal Dispatcher"          daemon [_thread_blocked, id=12608, stack(0x0000005471f00000,0x0000005472000000) (1024K)]
  0x00000174739fcee0 JavaThread "Attach Listener"            daemon [_thread_blocked, id=25928, stack(0x0000005472000000,0x0000005472100000) (1024K)]
  0x0000017473a07120 JavaThread "Service Thread"             daemon [_thread_blocked, id=4628, stack(0x0000005472100000,0x0000005472200000) (1024K)]
  0x00000174739dd2c0 JavaThread "Monitor Deflation Thread"   daemon [_thread_blocked, id=12636, stack(0x0000005472200000,0x0000005472300000) (1024K)]
  0x00000174739e0400 JavaThread "C2 CompilerThread0"         daemon [_thread_blocked, id=13108, stack(0x0000005472300000,0x0000005472400000) (1024K)]
  0x0000017473a0b7c0 JavaThread "C1 CompilerThread0"         daemon [_thread_blocked, id=15096, stack(0x0000005472400000,0x0000005472500000) (1024K)]
  0x0000017473b71110 JavaThread "Common-Cleaner"             daemon [_thread_blocked, id=21752, stack(0x0000005472500000,0x0000005472600000) (1024K)]
  0x00000174780290c0 JavaThread "Notification Thread"        daemon [_thread_blocked, id=9384, stack(0x0000005472600000,0x0000005472700000) (1024K)]
  0x0000017479ba2e80 JavaThread "Daemon health stats"               [_thread_blocked, id=11484, stack(0x0000005472d00000,0x0000005472e00000) (1024K)]
  0x0000017479cfb100 JavaThread "Incoming local TCP Connector on port 54579"        [_thread_in_native, id=11824, stack(0x0000005472700000,0x0000005472800000) (1024K)]
  0x0000017479cf2a40 JavaThread "Daemon periodic checks"            [_thread_blocked, id=23852, stack(0x0000005472f00000,0x0000005473000000) (1024K)]
  0x0000017479e02360 JavaThread "Daemon"                            [_thread_blocked, id=25908, stack(0x0000005472e00000,0x0000005472f00000) (1024K)]
  0x0000017479e029d0 JavaThread "Handler for socket connection from /127.0.0.1:54579 to /127.0.0.1:54580"        [_thread_in_native, id=31364, stack(0x0000005473000000,0x0000005473100000) (1024K)]
  0x0000017479d88af0 JavaThread "Cancel handler"                    [_thread_blocked, id=23376, stack(0x0000005473100000,0x0000005473200000) (1024K)]
  0x0000017479b94e90 JavaThread "Daemon worker"                     [_thread_blocked, id=18920, stack(0x0000005473200000,0x0000005473300000) (1024K)]
  0x0000017479b96240 JavaThread "Asynchronous log dispatcher for DefaultDaemonConnection: socket connection from /127.0.0.1:54579 to /127.0.0.1:54580"        [_thread_blocked, id=25864, stack(0x0000005473300000,0x0000005473400000) (1024K)]
  0x0000017479b95520 JavaThread "Stdin handler"                     [_thread_blocked, id=21856, stack(0x0000005473400000,0x0000005473500000) (1024K)]
  0x0000017479b975f0 JavaThread "Daemon client event forwarder"        [_thread_blocked, id=15428, stack(0x0000005473500000,0x0000005473600000) (1024K)]
  0x0000017479b98310 JavaThread "Cache worker for journal cache (C:\Users\Alex\.gradle\caches\journal-1)"        [_thread_blocked, id=17080, stack(0x0000005473900000,0x0000005473a00000) (1024K)]
  0x0000017479b96f60 JavaThread "File lock request listener"        [_thread_in_native, id=23820, stack(0x0000005473a00000,0x0000005473b00000) (1024K)]
  0x0000017479b968d0 JavaThread "Cache worker for file hash cache (C:\Users\Alex\.gradle\caches\8.9\fileHashes)"        [_thread_blocked, id=24224, stack(0x0000005473b00000,0x0000005473c00000) (1024K)]
  0x0000017479e76e80 JavaThread "C2 CompilerThread1"         daemon [_thread_blocked, id=11332, stack(0x0000005473c00000,0x0000005473d00000) (1024K)]
  0x000001747b9241b0 JavaThread "C2 CompilerThread2"         daemon [_thread_blocked, id=16908, stack(0x0000005473d00000,0x0000005473e00000) (1024K)]
Total: 26

Other Threads:
  0x0000017473959080 VMThread "VM Thread"                           [id=23324, stack(0x0000005471c00000,0x0000005471d00000) (1024K)]
  0x00000174737b8950 WatcherThread "VM Periodic Task Thread"        [id=5152, stack(0x0000005471b00000,0x0000005471c00000) (1024K)]
  0x000001745bb545a0 WorkerThread "GC Thread#0"                     [id=25980, stack(0x0000005471600000,0x0000005471700000) (1024K)]
  0x0000017478585cd0 WorkerThread "GC Thread#1"                     [id=17280, stack(0x0000005472800000,0x0000005472900000) (1024K)]
=>0x00000174781180f0 WorkerThread "GC Thread#2"                     [id=30568, stack(0x0000005472900000,0x0000005472a00000) (1024K)]
  0x000001747869b7e0 WorkerThread "GC Thread#3"                     [id=25300, stack(0x0000005472a00000,0x0000005472b00000) (1024K)]
  0x000001747854ce00 WorkerThread "GC Thread#4"                     [id=27644, stack(0x0000005472b00000,0x0000005472c00000) (1024K)]
  0x000001747854d1a0 WorkerThread "GC Thread#5"                     [id=25868, stack(0x0000005472c00000,0x0000005472d00000) (1024K)]
  0x0000017479d9b190 WorkerThread "GC Thread#6"                     [id=21876, stack(0x0000005473600000,0x0000005473700000) (1024K)]
  0x0000017479db9c90 WorkerThread "GC Thread#7"                     [id=25364, stack(0x0000005473700000,0x0000005473800000) (1024K)]
  0x000001745bb59490 ConcurrentGCThread "G1 Main Marker"            [id=30444, stack(0x0000005471700000,0x0000005471800000) (1024K)]
  0x000001745bb5bcf0 WorkerThread "G1 Conc#0"                       [id=944, stack(0x0000005471800000,0x0000005471900000) (1024K)]
  0x0000017479d91f80 WorkerThread "G1 Conc#1"                       [id=11900, stack(0x0000005473800000,0x0000005473900000) (1024K)]
  0x0000017473690600 ConcurrentGCThread "G1 Refine#0"               [id=30904, stack(0x0000005471900000,0x0000005471a00000) (1024K)]
  0x0000017473691e30 ConcurrentGCThread "G1 Service"                [id=28832, stack(0x0000005471a00000,0x0000005471b00000) (1024K)]
Total: 15

Threads with active compile tasks:
C2 CompilerThread0     8286 2838       4       java.lang.invoke.MethodType::makeImpl (109 bytes)
Total: 1

VM state: at safepoint (normal execution)

VM Mutex/Monitor currently owned by a thread:  ([mutex/lock_event])
[0x00007ffba363f9c8] FreeList_lock - owner thread: 0x00000174781180f0
[0x00007ffba36420c8] Threads_lock - owner thread: 0x0000017473959080
[0x00007ffba36421c8] Heap_lock - owner thread: 0x0000017479b94e90

Heap address: 0x00000000e0000000, size: 512 MB, Compressed Oops mode: 32-bit

CDS archive(s) not mapped
Compressed class space mapped at: 0x0000000100000000-0x000000010d000000, reserved size: 218103808
Narrow klass base: 0x0000000000000000, Narrow klass shift: 3, Narrow klass range: 0x10d000000

GC Precious Log:
 CardTable entry size: 512
 Card Set container configuration: InlinePtr #cards 5 size 8 Array Of Cards #cards 12 size 40 Howl #buckets 4 coarsen threshold 1843 Howl Bitmap #cards 512 size 80 coarsen threshold 460 Card regions per heap region 1 cards per card region 2048
 CPUs: 8 total, 8 available
 Memory: 16122M
 Large Page Support: Disabled
 NUMA Support: Disabled
 Compressed Oops: Enabled (32-bit)
 Heap Region Size: 1M
 Heap Min Capacity: 8M
 Heap Initial Capacity: 252M
 Heap Max Capacity: 512M
 Pre-touch: Disabled
 Parallel Workers: 8
 Concurrent Workers: 2
 Concurrent Refinement Workers: 8
 Periodic GC: Disabled

Heap:
 garbage-first heap   total 83968K, used 71484K [0x00000000e0000000, 0x0000000100000000)
  region size 1024K, 62 young (63488K), 12 survivors (12288K)
 Metaspace       used 29521K, committed 30016K, reserved 278528K
  class space    used 3798K, committed 4032K, reserved 212992K

Heap Regions: E=young(eden), S=young(survivor), O=old, HS=humongous(starts), HC=humongous(continues), CS=collection set, F=free, TAMS=top-at-mark-start, PB=parsable bottom
|   0|0x00000000e0000000, 0x00000000e0100000, 0x00000000e0100000|100%|HS|  |TAMS 0x00000000e0000000| PB 0x00000000e0000000| Complete 
|   1|0x00000000e0100000, 0x00000000e0200000, 0x00000000e0200000|100%|HC|  |TAMS 0x00000000e0100000| PB 0x00000000e0100000| Complete 
|   2|0x00000000e0200000, 0x00000000e0300000, 0x00000000e0300000|100%|HC|  |TAMS 0x00000000e0200000| PB 0x00000000e0200000| Complete 
|   3|0x00000000e0300000, 0x00000000e0400000, 0x00000000e0400000|100%|HC|  |TAMS 0x00000000e0300000| PB 0x00000000e0300000| Complete 
|   4|0x00000000e0400000, 0x00000000e0500000, 0x00000000e0500000|100%| O|  |TAMS 0x00000000e0400000| PB 0x00000000e0400000| Untracked 
|   5|0x00000000e0500000, 0x00000000e0600000, 0x00000000e0600000|100%| O|  |TAMS 0x00000000e0500000| PB 0x00000000e0500000| Untracked 
|   6|0x00000000e0600000, 0x00000000e0700000, 0x00000000e0700000|100%| O|  |TAMS 0x00000000e0600000| PB 0x00000000e0600000| Untracked 
|   7|0x00000000e0700000, 0x00000000e0800000, 0x00000000e0800000|100%| O|  |TAMS 0x00000000e0700000| PB 0x00000000e0700000| Untracked 
|   8|0x00000000e0800000, 0x00000000e0900000, 0x00000000e0900000|100%| O|  |TAMS 0x00000000e0800000| PB 0x00000000e0800000| Untracked 
|   9|0x00000000e0900000, 0x00000000e09f1760, 0x00000000e0a00000| 94%| O|Cm|TAMS 0x00000000e0900000| PB 0x00000000e0900000| Complete 
|  10|0x00000000e0a00000, 0x00000000e0b00000, 0x00000000e0b00000|100%|HS|  |TAMS 0x00000000e0a00000| PB 0x00000000e0a00000| Complete 
|  11|0x00000000e0b00000, 0x00000000e0bf5748, 0x00000000e0c00000| 95%| E|CS|TAMS 0x00000000e0b00000| PB 0x00000000e0b00000| Complete 
|  12|0x00000000e0c00000, 0x00000000e0d00000, 0x00000000e0d00000|100%| E|CS|TAMS 0x00000000e0c00000| PB 0x00000000e0c00000| Complete 
|  13|0x00000000e0d00000, 0x00000000e0e00000, 0x00000000e0e00000|100%| E|CS|TAMS 0x00000000e0d00000| PB 0x00000000e0d00000| Complete 
|  14|0x00000000e0e00000, 0x00000000e0f00000, 0x00000000e0f00000|100%| E|CS|TAMS 0x00000000e0e00000| PB 0x00000000e0e00000| Complete 
|  15|0x00000000e0f00000, 0x00000000e1000000, 0x00000000e1000000|100%| E|CS|TAMS 0x00000000e0f00000| PB 0x00000000e0f00000| Complete 
|  16|0x00000000e1000000, 0x00000000e1100000, 0x00000000e1100000|100%| E|CS|TAMS 0x00000000e1000000| PB 0x00000000e1000000| Complete 
|  17|0x00000000e1100000, 0x00000000e1200000, 0x00000000e1200000|100%| E|CS|TAMS 0x00000000e1100000| PB 0x00000000e1100000| Complete 
|  18|0x00000000e1200000, 0x00000000e1300000, 0x00000000e1300000|100%| E|CS|TAMS 0x00000000e1200000| PB 0x00000000e1200000| Complete 
|  19|0x00000000e1300000, 0x00000000e1400000, 0x00000000e1400000|100%| E|CS|TAMS 0x00000000e1300000| PB 0x00000000e1300000| Complete 
|  20|0x00000000e1400000, 0x00000000e1500000, 0x00000000e1500000|100%| E|CS|TAMS 0x00000000e1400000| PB 0x00000000e1400000| Complete 
|  21|0x00000000e1500000, 0x00000000e1600000, 0x00000000e1600000|100%| E|CS|TAMS 0x00000000e1500000| PB 0x00000000e1500000| Complete 
|  22|0x00000000e1600000, 0x00000000e1700000, 0x00000000e1700000|100%| E|CS|TAMS 0x00000000e1600000| PB 0x00000000e1600000| Complete 
|  23|0x00000000e1700000, 0x00000000e1800000, 0x00000000e1800000|100%| E|CS|TAMS 0x00000000e1700000| PB 0x00000000e1700000| Complete 
|  24|0x00000000e1800000, 0x00000000e1900000, 0x00000000e1900000|100%| E|CS|TAMS 0x00000000e1800000| PB 0x00000000e1800000| Complete 
|  25|0x00000000e1900000, 0x00000000e1a00000, 0x00000000e1a00000|100%| E|CS|TAMS 0x00000000e1900000| PB 0x00000000e1900000| Complete 
|  26|0x00000000e1a00000, 0x00000000e1b00000, 0x00000000e1b00000|100%| E|CS|TAMS 0x00000000e1a00000| PB 0x00000000e1a00000| Complete 
|  27|0x00000000e1b00000, 0x00000000e1c00000, 0x00000000e1c00000|100%| E|CS|TAMS 0x00000000e1b00000| PB 0x00000000e1b00000| Complete 
|  28|0x00000000e1c00000, 0x00000000e1d00000, 0x00000000e1d00000|100%| E|CS|TAMS 0x00000000e1c00000| PB 0x00000000e1c00000| Complete 
|  29|0x00000000e1d00000, 0x00000000e1e00000, 0x00000000e1e00000|100%| E|CS|TAMS 0x00000000e1d00000| PB 0x00000000e1d00000| Complete 
|  30|0x00000000e1e00000, 0x00000000e1f00000, 0x00000000e1f00000|100%| E|CS|TAMS 0x00000000e1e00000| PB 0x00000000e1e00000| Complete 
|  31|0x00000000e1f00000, 0x00000000e2000000, 0x00000000e2000000|100%| E|CS|TAMS 0x00000000e1f00000| PB 0x00000000e1f00000| Complete 
|  32|0x00000000e2000000, 0x00000000e2100000, 0x00000000e2100000|100%| E|CS|TAMS 0x00000000e2000000| PB 0x00000000e2000000| Complete 
|  33|0x00000000e2100000, 0x00000000e2200000, 0x00000000e2200000|100%| E|CS|TAMS 0x00000000e2100000| PB 0x00000000e2100000| Complete 
|  34|0x00000000e2200000, 0x00000000e2300000, 0x00000000e2300000|100%| E|CS|TAMS 0x00000000e2200000| PB 0x00000000e2200000| Complete 
|  35|0x00000000e2300000, 0x00000000e2400000, 0x00000000e2400000|100%| E|CS|TAMS 0x00000000e2300000| PB 0x00000000e2300000| Complete 
|  36|0x00000000e2400000, 0x00000000e2500000, 0x00000000e2500000|100%| E|CS|TAMS 0x00000000e2400000| PB 0x00000000e2400000| Complete 
|  37|0x00000000e2500000, 0x00000000e2600000, 0x00000000e2600000|100%| E|CS|TAMS 0x00000000e2500000| PB 0x00000000e2500000| Complete 
|  38|0x00000000e2600000, 0x00000000e2700000, 0x00000000e2700000|100%| E|CS|TAMS 0x00000000e2600000| PB 0x00000000e2600000| Complete 
|  39|0x00000000e2700000, 0x00000000e2800000, 0x00000000e2800000|100%| E|CS|TAMS 0x00000000e2700000| PB 0x00000000e2700000| Complete 
|  40|0x00000000e2800000, 0x00000000e2900000, 0x00000000e2900000|100%| E|CS|TAMS 0x00000000e2800000| PB 0x00000000e2800000| Complete 
|  41|0x00000000e2900000, 0x00000000e2a00000, 0x00000000e2a00000|100%| E|CS|TAMS 0x00000000e2900000| PB 0x00000000e2900000| Complete 
|  42|0x00000000e2a00000, 0x00000000e2b00000, 0x00000000e2b00000|100%| E|CS|TAMS 0x00000000e2a00000| PB 0x00000000e2a00000| Complete 
|  43|0x00000000e2b00000, 0x00000000e2c00000, 0x00000000e2c00000|100%| E|CS|TAMS 0x00000000e2b00000| PB 0x00000000e2b00000| Complete 
|  44|0x00000000e2c00000, 0x00000000e2d00000, 0x00000000e2d00000|100%| E|CS|TAMS 0x00000000e2c00000| PB 0x00000000e2c00000| Complete 
|  45|0x00000000e2d00000, 0x00000000e2e00000, 0x00000000e2e00000|100%| E|CS|TAMS 0x00000000e2d00000| PB 0x00000000e2d00000| Complete 
|  46|0x00000000e2e00000, 0x00000000e2f00000, 0x00000000e2f00000|100%| E|CS|TAMS 0x00000000e2e00000| PB 0x00000000e2e00000| Complete 
|  47|0x00000000e2f00000, 0x00000000e3000000, 0x00000000e3000000|100%| E|CS|TAMS 0x00000000e2f00000| PB 0x00000000e2f00000| Complete 
|  48|0x00000000e3000000, 0x00000000e3100000, 0x00000000e3100000|100%| E|CS|TAMS 0x00000000e3000000| PB 0x00000000e3000000| Complete 
|  49|0x00000000e3100000, 0x00000000e3200000, 0x00000000e3200000|100%| E|CS|TAMS 0x00000000e3100000| PB 0x00000000e3100000| Complete 
|  50|0x00000000e3200000, 0x00000000e3300000, 0x00000000e3300000|100%| E|CS|TAMS 0x00000000e3200000| PB 0x00000000e3200000| Complete 
|  51|0x00000000e3300000, 0x00000000e3400000, 0x00000000e3400000|100%| E|CS|TAMS 0x00000000e3300000| PB 0x00000000e3300000| Complete 
|  52|0x00000000e3400000, 0x00000000e3500000, 0x00000000e3500000|100%| E|CS|TAMS 0x00000000e3400000| PB 0x00000000e3400000| Complete 
|  53|0x00000000e3500000, 0x00000000e3600000, 0x00000000e3600000|100%| E|CS|TAMS 0x00000000e3500000| PB 0x00000000e3500000| Complete 
|  54|0x00000000e3600000, 0x00000000e3700000, 0x00000000e3700000|100%| E|CS|TAMS 0x00000000e3600000| PB 0x00000000e3600000| Complete 
|  55|0x00000000e3700000, 0x00000000e3800000, 0x00000000e3800000|100%| E|CS|TAMS 0x00000000e3700000| PB 0x00000000e3700000| Complete 
|  56|0x00000000e3800000, 0x00000000e3900000, 0x00000000e3900000|100%| E|CS|TAMS 0x00000000e3800000| PB 0x00000000e3800000| Complete 
|  57|0x00000000e3900000, 0x00000000e3a00000, 0x00000000e3a00000|100%| E|CS|TAMS 0x00000000e3900000| PB 0x00000000e3900000| Complete 
|  58|0x00000000e3a00000, 0x00000000e3b00000, 0x00000000e3b00000|100%| E|CS|TAMS 0x00000000e3a00000| PB 0x00000000e3a00000| Complete 
|  59|0x00000000e3b00000, 0x00000000e3c00000, 0x00000000e3c00000|100%| E|CS|TAMS 0x00000000e3b00000| PB 0x00000000e3b00000| Complete 
|  60|0x00000000e3c00000, 0x00000000e3d00000, 0x00000000e3d00000|100%| S|  |TAMS 0x00000000e3c00000| PB 0x00000000e3c00000| Complete 
|  61|0x00000000e3d00000, 0x00000000e3e00000, 0x00000000e3e00000|100%| S|  |TAMS 0x00000000e3d00000| PB 0x00000000e3d00000| Complete 
|  62|0x00000000e3e00000, 0x00000000e3f00000, 0x00000000e3f00000|100%| S|  |TAMS 0x00000000e3e00000| PB 0x00000000e3e00000| Complete 
|  63|0x00000000e3f00000, 0x00000000e4000000, 0x00000000e4000000|100%| S|  |TAMS 0x00000000e3f00000| PB 0x00000000e3f00000| Complete 
|  64|0x00000000e4000000, 0x00000000e4100000, 0x00000000e4100000|100%| S|  |TAMS 0x00000000e4000000| PB 0x00000000e4000000| Complete 
|  65|0x00000000e4100000, 0x00000000e4200000, 0x00000000e4200000|100%| S|  |TAMS 0x00000000e4100000| PB 0x00000000e4100000| Complete 
|  66|0x00000000e4200000, 0x00000000e4300000, 0x00000000e4300000|100%| S|  |TAMS 0x00000000e4200000| PB 0x00000000e4200000| Complete 
|  67|0x00000000e4300000, 0x00000000e4400000, 0x00000000e4400000|100%| S|  |TAMS 0x00000000e4300000| PB 0x00000000e4300000| Complete 
|  68|0x00000000e4400000, 0x00000000e4500000, 0x00000000e4500000|100%| S|  |TAMS 0x00000000e4400000| PB 0x00000000e4400000| Complete 
|  69|0x00000000e4500000, 0x00000000e4600000, 0x00000000e4600000|100%| S|  |TAMS 0x00000000e4500000| PB 0x00000000e4500000| Complete 
|  70|0x00000000e4600000, 0x00000000e4700000, 0x00000000e4700000|100%| S|  |TAMS 0x00000000e4600000| PB 0x00000000e4600000| Complete 
|  71|0x00000000e4700000, 0x00000000e4800000, 0x00000000e4800000|100%| S|  |TAMS 0x00000000e4700000| PB 0x00000000e4700000| Complete 
| 178|0x00000000eb200000, 0x00000000eb2e8420, 0x00000000eb300000| 90%| E|CS|TAMS 0x00000000eb200000| PB 0x00000000eb200000| Complete 
| 179|0x00000000eb300000, 0x00000000eb400000, 0x00000000eb400000|100%| E|CS|TAMS 0x00000000eb300000| PB 0x00000000eb300000| Complete 
| 180|0x00000000eb400000, 0x00000000eb500000, 0x00000000eb500000|100%| E|CS|TAMS 0x00000000eb400000| PB 0x00000000eb400000| Complete 
| 181|0x00000000eb500000, 0x00000000eb600000, 0x00000000eb600000|100%| E|CS|TAMS 0x00000000eb500000| PB 0x00000000eb500000| Complete 
| 182|0x00000000eb600000, 0x00000000eb700000, 0x00000000eb700000|100%| E|CS|TAMS 0x00000000eb600000| PB 0x00000000eb600000| Complete 
| 183|0x00000000eb700000, 0x00000000eb800000, 0x00000000eb800000|100%| E|CS|TAMS 0x00000000eb700000| PB 0x00000000eb700000| Complete 
| 184|0x00000000eb800000, 0x00000000eb900000, 0x00000000eb900000|100%| E|CS|TAMS 0x00000000eb800000| PB 0x00000000eb800000| Complete 
| 185|0x00000000eb900000, 0x00000000eba00000, 0x00000000eba00000|100%| E|CS|TAMS 0x00000000eb900000| PB 0x00000000eb900000| Complete 
| 186|0x00000000eba00000, 0x00000000ebb00000, 0x00000000ebb00000|100%| E|CS|TAMS 0x00000000eba00000| PB 0x00000000eba00000| Complete 
| 251|0x00000000efb00000, 0x00000000efc00000, 0x00000000efc00000|100%| E|CS|TAMS 0x00000000efb00000| PB 0x00000000efb00000| Complete 

Card table byte_map: [0x0000017470450000,0x0000017470550000] _byte_map_base: 0x000001746fd50000

Marking Bits: (CMBitMap*) 0x000001745bb54bb0
 Bits: [0x0000017470550000, 0x0000017470d50000)

Polling page: 0x000001745b670000

Metaspace:

Usage:
  Non-class:     25.12 MB used.
      Class:      3.71 MB used.
       Both:     28.83 MB used.

Virtual space:
  Non-class space:       64.00 MB reserved,      25.38 MB ( 40%) committed,  1 nodes.
      Class space:      208.00 MB reserved,       3.94 MB (  2%) committed,  1 nodes.
             Both:      272.00 MB reserved,      29.31 MB ( 11%) committed. 

Chunk freelists:
   Non-Class:  6.31 MB
       Class:  12.06 MB
        Both:  18.38 MB

MaxMetaspaceSize: 256.00 MB
CompressedClassSpaceSize: 208.00 MB
Initial GC threshold: 21.00 MB
Current GC threshold: 35.12 MB
CDS: off
 - commit_granule_bytes: 65536.
 - commit_granule_words: 8192.
 - virtual_space_node_default_size: 8388608.
 - enlarge_chunks_in_place: 1.
 - use_allocation_guard: 0.


Internal statistics:

num_allocs_failed_limit: 3.
num_arena_births: 796.
num_arena_deaths: 0.
num_vsnodes_births: 2.
num_vsnodes_deaths: 0.
num_space_committed: 469.
num_space_uncommitted: 0.
num_chunks_returned_to_freelist: 3.
num_chunks_taken_from_freelist: 1591.
num_chunk_merges: 3.
num_chunk_splits: 1017.
num_chunks_enlarged: 681.
num_inconsistent_stats: 0.

CodeHeap 'non-profiled nmethods': size=120000Kb used=1546Kb max_used=1546Kb free=118453Kb
 bounds [0x00000174684a0000, 0x0000017468710000, 0x000001746f9d0000]
CodeHeap 'profiled nmethods': size=120000Kb used=5783Kb max_used=5783Kb free=114217Kb
 bounds [0x00000174609d0000, 0x0000017460f80000, 0x0000017467f00000]
CodeHeap 'non-nmethods': size=5760Kb used=1671Kb max_used=1687Kb free=4088Kb
 bounds [0x0000017467f00000, 0x0000017468170000, 0x00000174684a0000]
 total_blobs=3461 nmethods=2884 adapters=479
 compilation: enabled
              stopped_count=0, restarted_count=0
 full_count=0

Compilation events (20 events):
Event: 6.112 Thread 0x0000017473a0b7c0 nmethod 2872 0x0000017460f71190 code [0x0000017460f714a0, 0x0000017460f727d0]
Event: 6.119 Thread 0x0000017473a0b7c0 2873       3       jdk.internal.reflect.ReflectionFactory::copyConstructor (11 bytes)
Event: 6.119 Thread 0x0000017473a0b7c0 nmethod 2873 0x0000017460f72b10 code [0x0000017460f72cc0, 0x0000017460f72eb0]
Event: 6.119 Thread 0x0000017473a0b7c0 2874       3       java.lang.reflect.ReflectAccess::copyConstructor (5 bytes)
Event: 6.119 Thread 0x0000017473a0b7c0 nmethod 2874 0x0000017460f73010 code [0x0000017460f731c0, 0x0000017460f73300]
Event: 6.121 Thread 0x0000017473a0b7c0 2875       3       java.lang.Class::privateGetDeclaredConstructors (79 bytes)
Event: 6.122 Thread 0x0000017473a0b7c0 nmethod 2875 0x0000017460f73410 code [0x0000017460f73620, 0x0000017460f73b38]
Event: 6.142 Thread 0x0000017473a0b7c0 2877       3       java.lang.invoke.LambdaForm$MH/0x000000010018c000::invoke (42 bytes)
Event: 6.144 Thread 0x0000017473a0b7c0 nmethod 2877 0x0000017460f73d10 code [0x0000017460f73fa0, 0x0000017460f74c38]
Event: 6.146 Thread 0x0000017473a0b7c0 2878   !   3       jdk.proxy1.$Proxy2::annotationType (29 bytes)
Event: 6.146 Thread 0x0000017473a0b7c0 nmethod 2878 0x0000017460f75090 code [0x0000017460f75260, 0x0000017460f75640]
Event: 6.160 Thread 0x000001747b9241b0 2880       4       java.lang.invoke.LambdaForm::argument (27 bytes)
Event: 6.162 Thread 0x000001747b9241b0 nmethod 2880 0x0000017468616b90 code [0x0000017468616d20, 0x0000017468616ea0]
Event: 6.173 Thread 0x0000017473a0b7c0 2881       3       java.lang.invoke.MethodHandles$Lookup::getDirectMethodNoSecurityManager (18 bytes)
Event: 6.174 Thread 0x0000017473a0b7c0 nmethod 2881 0x0000017460f75810 code [0x0000017460f759c0, 0x0000017460f75b10]
Event: 6.174 Thread 0x000001747b9241b0 2883       4       java.lang.invoke.MethodType::genericMethodType (95 bytes)
Event: 6.187 Thread 0x000001747b9241b0 nmethod 2883 0x0000017468617310 code [0x0000017468617500, 0x0000017468617e30]
Event: 6.194 Thread 0x0000017479e76e80 nmethod 2835 0x0000017468618090 code [0x00000174686188e0, 0x000001746861ef10]
Event: 6.206 Thread 0x0000017479e76e80 2884       4       java.nio.HeapByteBuffer::getShort (29 bytes)
Event: 6.208 Thread 0x0000017479e76e80 nmethod 2884 0x0000017468621d10 code [0x0000017468621ea0, 0x0000017468621fd0]

GC Heap History (7 events):
Event: 1.186 GC heap before
{Heap before GC invocations=0 (full 0):
 garbage-first heap   total 258048K, used 26624K [0x00000000e0000000, 0x0000000100000000)
  region size 1024K, 23 young (23552K), 0 survivors (0K)
 Metaspace       used 8135K, committed 8320K, reserved 278528K
  class space    used 738K, committed 832K, reserved 212992K
}
Event: 1.192 GC heap after
{Heap after GC invocations=1 (full 0):
 garbage-first heap   total 258048K, used 10378K [0x00000000e0000000, 0x0000000100000000)
  region size 1024K, 3 young (3072K), 3 survivors (3072K)
 Metaspace       used 8135K, committed 8320K, reserved 278528K
  class space    used 738K, committed 832K, reserved 212992K
}
Event: 2.449 GC heap before
{Heap before GC invocations=1 (full 0):
 garbage-first heap   total 258048K, used 40074K [0x00000000e0000000, 0x0000000100000000)
  region size 1024K, 33 young (33792K), 3 survivors (3072K)
 Metaspace       used 12016K, committed 12224K, reserved 278528K
  class space    used 1276K, committed 1408K, reserved 212992K
}
Event: 2.452 GC heap after
{Heap after GC invocations=2 (full 0):
 garbage-first heap   total 258048K, used 11751K [0x00000000e0000000, 0x0000000100000000)
  region size 1024K, 2 young (2048K), 2 survivors (2048K)
 Metaspace       used 12016K, committed 12224K, reserved 278528K
  class space    used 1276K, committed 1408K, reserved 212992K
}
Event: 4.914 GC heap before
{Heap before GC invocations=2 (full 0):
 garbage-first heap   total 258048K, used 77287K [0x00000000e0000000, 0x0000000100000000)
  region size 1024K, 65 young (66560K), 2 survivors (2048K)
 Metaspace       used 21213K, committed 21504K, reserved 278528K
  class space    used 2463K, committed 2624K, reserved 212992K
}
Event: 4.919 GC heap after
{Heap after GC invocations=3 (full 0):
 garbage-first heap   total 258048K, used 20326K [0x00000000e0000000, 0x0000000100000000)
  region size 1024K, 9 young (9216K), 9 survivors (9216K)
 Metaspace       used 21213K, committed 21504K, reserved 278528K
  class space    used 2463K, committed 2624K, reserved 212992K
}
Event: 6.216 GC heap before
{Heap before GC invocations=4 (full 0):
 garbage-first heap   total 71680K, used 70502K [0x00000000e0000000, 0x0000000100000000)
  region size 1024K, 59 young (60416K), 9 survivors (9216K)
 Metaspace       used 29521K, committed 30016K, reserved 278528K
  class space    used 3798K, committed 4032K, reserved 212992K
}

Dll operation events (3 events):
Event: 0.041 Loaded shared library C:\Program Files\Android\Android Studio\jbr\bin\java.dll
Event: 0.052 Loaded shared library C:\Program Files\Android\Android Studio\jbr\bin\zip.dll
Event: 1.167 Loaded shared library C:\Program Files\Android\Android Studio\jbr\bin\verify.dll

Deoptimization events (20 events):
Event: 5.285 Thread 0x0000017479b94e90 DEOPT PACKING pc=0x000001746856ade4 sp=0x00000054732fbf70
Event: 5.285 Thread 0x0000017479b94e90 DEOPT UNPACKING pc=0x0000017467f57da2 sp=0x00000054732fbf28 mode 2
Event: 5.327 Thread 0x0000017479b94e90 Uncommon trap: trap_request=0xffffff45 fr.pc=0x00000174684beef0 relative=0x0000000000000130
Event: 5.327 Thread 0x0000017479b94e90 Uncommon trap: reason=unstable_if action=reinterpret pc=0x00000174684beef0 method=java.util.regex.Matcher.reset()Ljava/util/regex/Matcher; @ 47 c2
Event: 5.327 Thread 0x0000017479b94e90 DEOPT PACKING pc=0x00000174684beef0 sp=0x00000054732fa880
Event: 5.327 Thread 0x0000017479b94e90 DEOPT UNPACKING pc=0x0000017467f57da2 sp=0x00000054732fa830 mode 2
Event: 5.387 Thread 0x0000017479b94e90 Uncommon trap: trap_request=0xffffff45 fr.pc=0x00000174684c4138 relative=0x0000000000000e38
Event: 5.387 Thread 0x0000017479b94e90 Uncommon trap: reason=unstable_if action=reinterpret pc=0x00000174684c4138 method=java.io.WinNTFileSystem.resolve(Ljava/lang/String;Ljava/lang/String;)Ljava/lang/String; @ 19 c2
Event: 5.387 Thread 0x0000017479b94e90 DEOPT PACKING pc=0x00000174684c4138 sp=0x00000054732fb5f0
Event: 5.387 Thread 0x0000017479b94e90 DEOPT UNPACKING pc=0x0000017467f57da2 sp=0x00000054732fb588 mode 2
Event: 5.390 Thread 0x0000017479b94e90 Uncommon trap: trap_request=0xffffff45 fr.pc=0x0000017468530170 relative=0x0000000000000690
Event: 5.390 Thread 0x0000017479b94e90 Uncommon trap: reason=unstable_if action=reinterpret pc=0x0000017468530170 method=java.io.File.getName()Ljava/lang/String; @ 16 c2
Event: 5.390 Thread 0x0000017479b94e90 DEOPT PACKING pc=0x0000017468530170 sp=0x00000054732fb5b0
Event: 5.390 Thread 0x0000017479b94e90 DEOPT UNPACKING pc=0x0000017467f57da2 sp=0x00000054732fb580 mode 2
Event: 5.458 Thread 0x0000017479b94e90 Uncommon trap: trap_request=0xffffff45 fr.pc=0x00000174684c7190 relative=0x00000000000000f0
Event: 5.458 Thread 0x0000017479b94e90 Uncommon trap: reason=unstable_if action=reinterpret pc=0x00000174684c7190 method=java.util.HashMap.hash(Ljava/lang/Object;)I @ 1 c2
Event: 5.458 Thread 0x0000017479b94e90 DEOPT PACKING pc=0x00000174684c7190 sp=0x00000054732fc460
Event: 5.458 Thread 0x0000017479b94e90 DEOPT UNPACKING pc=0x0000017467f57da2 sp=0x00000054732fc3a0 mode 2
Event: 5.964 Thread 0x0000017479b94e90 DEOPT PACKING pc=0x0000017460aaea5f sp=0x00000054732fafb0
Event: 5.965 Thread 0x0000017479b94e90 DEOPT UNPACKING pc=0x0000017467f588e2 sp=0x00000054732fa448 mode 0

Classes loaded (20 events):
Event: 5.705 Loading class java/io/ObjectStreamConstants done
Event: 5.705 Loading class java/io/ObjectInputStream done
Event: 5.707 Loading class java/io/ObjectOutputStream
Event: 5.707 Loading class java/io/ObjectOutput
Event: 5.707 Loading class java/io/ObjectOutput done
Event: 5.707 Loading class java/io/ObjectOutputStream done
Event: 5.710 Loading class java/io/ObjectOutputStream$BlockDataOutputStream
Event: 5.710 Loading class java/io/ObjectOutputStream$BlockDataOutputStream done
Event: 5.710 Loading class java/io/ObjectOutputStream$HandleTable
Event: 5.710 Loading class java/io/ObjectOutputStream$HandleTable done
Event: 5.710 Loading class java/io/ObjectOutputStream$ReplaceTable
Event: 5.710 Loading class java/io/ObjectOutputStream$ReplaceTable done
Event: 5.789 Loading class java/util/function/LongFunction
Event: 5.789 Loading class java/util/function/LongFunction done
Event: 5.853 Loading class java/security/InvalidKeyException
Event: 5.853 Loading class java/security/KeyException
Event: 5.853 Loading class java/security/KeyException done
Event: 5.853 Loading class java/security/InvalidKeyException done
Event: 5.979 Loading class java/util/regex/Pattern$Dollar
Event: 5.979 Loading class java/util/regex/Pattern$Dollar done

Classes unloaded (0 events):
No events

Classes redefined (0 events):
No events

Internal exceptions (20 events):
Event: 5.532 Thread 0x0000017479b94e90 Exception <a 'java/lang/NoSuchMethodError'{0x00000000e217ae28}: 'java.lang.Object java.lang.invoke.DelegatingMethodHandle$Holder.reinvoke_L(java.lang.Object, java.lang.Object, java.lang.Object, java.lang.Object, java.lang.Object, java.lang.Object, java.lang.Object, java.lang.Object, java.lang.Object, java.lang.Object, java.lang.Object, java.lang.Object, java.lang.Object, java.lang.Object, java.lang.Object, java.lang.Object, java.lang.Object, java.lang.Object, java.lang.Object, java.lang.Object, java.lang.O
Event: 5.536 Thread 0x0000017479b94e90 Exception <a 'java/lang/NoSuchMethodError'{0x00000000e21e7590}: 'java.lang.Object java.lang.invoke.DirectMethodHandle$Holder.invokeStatic(java.lang.Object, java.lang.Object, java.lang.Object, java.lang.Object, java.lang.Object, java.lang.Object, java.lang.Object, java.lang.Object, java.lang.Object, java.lang.Object, java.lang.Object, java.lang.Object, java.lang.Object, java.lang.Object, java.lang.Object, java.lang.Object, java.lang.Object)'> (0x00000000e21e7590) 
thrown [s\src\hotspot\share\interpreter\lin
Event: 5.538 Thread 0x0000017479b94e90 Exception <a 'java/lang/NoSuchMethodError'{0x00000000e2010470}: 'java.lang.Object java.lang.invoke.DirectMethodHandle$Holder.invokeStatic(java.lang.Object, java.lang.Object, java.lang.Object, java.lang.Object, java.lang.Object, java.lang.Object, java.lang.Object, java.lang.Object, java.lang.Object, java.lang.Object, java.lang.Object, java.lang.Object, java.lang.Object, java.lang.Object, java.lang.Object, java.lang.Object, java.lang.Object, java.lang.Object)'> (0x00000000e2010470) 
thrown [s\src\hotspot\sha
Event: 5.540 Thread 0x0000017479b94e90 Exception <a 'java/lang/NoSuchMethodError'{0x00000000e2039f20}: 'java.lang.Object java.lang.invoke.DirectMethodHandle$Holder.invokeStatic(java.lang.Object, java.lang.Object, java.lang.Object, java.lang.Object, java.lang.Object, java.lang.Object, java.lang.Object, java.lang.Object, java.lang.Object, java.lang.Object, java.lang.Object, java.lang.Object, java.lang.Object, java.lang.Object, java.lang.Object, java.lang.Object, java.lang.Object, java.lang.Object, java.lang.Object)'> (0x00000000e2039f20) 
thrown 
Event: 5.542 Thread 0x0000017479b94e90 Exception <a 'java/lang/NoSuchMethodError'{0x00000000e2064e00}: 'java.lang.Object java.lang.invoke.DirectMethodHandle$Holder.invokeStatic(java.lang.Object, java.lang.Object, java.lang.Object, java.lang.Object, java.lang.Object, java.lang.Object, java.lang.Object, java.lang.Object, java.lang.Object, java.lang.Object, java.lang.Object, java.lang.Object, java.lang.Object, java.lang.Object, java.lang.Object, java.lang.Object, java.lang.Object, java.lang.Object, java.lang.Object, java.lang.Object)'> (0x00000000
Event: 5.544 Thread 0x0000017479b94e90 Exception <a 'java/lang/NoSuchMethodError'{0x00000000e2091140}: 'java.lang.Object java.lang.invoke.DirectMethodHandle$Holder.invokeStatic(java.lang.Object, java.lang.Object, java.lang.Object, java.lang.Object, java.lang.Object, java.lang.Object, java.lang.Object, java.lang.Object, java.lang.Object, java.lang.Object, java.lang.Object, java.lang.Object, java.lang.Object, java.lang.Object, java.lang.Object, java.lang.Object, java.lang.Object, java.lang.Object, java.lang.Object, java.lang.Object, java.lang.Obj
Event: 5.546 Thread 0x0000017479b94e90 Exception <a 'java/lang/NoSuchMethodError'{0x00000000e20be2d0}: 'java.lang.Object java.lang.invoke.DirectMethodHandle$Holder.invokeStatic(java.lang.Object, java.lang.Object, java.lang.Object, java.lang.Object, java.lang.Object, java.lang.Object, java.lang.Object, java.lang.Object, java.lang.Object, java.lang.Object, java.lang.Object, java.lang.Object, java.lang.Object, java.lang.Object, java.lang.Object, java.lang.Object, java.lang.Object, java.lang.Object, java.lang.Object, java.lang.Object, java.lang.Obj
Event: 5.548 Thread 0x0000017479b94e90 Exception <a 'java/lang/NoSuchMethodError'{0x00000000e20ebf10}: 'java.lang.Object java.lang.invoke.DirectMethodHandle$Holder.invokeStatic(java.lang.Object, java.lang.Object, java.lang.Object, java.lang.Object, java.lang.Object, java.lang.Object, java.lang.Object, java.lang.Object, java.lang.Object, java.lang.Object, java.lang.Object, java.lang.Object, java.lang.Object, java.lang.Object, java.lang.Object, java.lang.Object, java.lang.Object, java.lang.Object, java.lang.Object, java.lang.Object, java.lang.Obj
Event: 5.550 Thread 0x0000017479b94e90 Exception <a 'java/lang/NoSuchMethodError'{0x00000000e1f26798}: 'java.lang.Object java.lang.invoke.DirectMethodHandle$Holder.invokeStatic(java.lang.Object, java.lang.Object, java.lang.Object, java.lang.Object, java.lang.Object, java.lang.Object, java.lang.Object, java.lang.Object, java.lang.Object, java.lang.Object, java.lang.Object, java.lang.Object, java.lang.Object, java.lang.Object, java.lang.Object, java.lang.Object, java.lang.Object, java.lang.Object, java.lang.Object, java.lang.Object, java.lang.Obj
Event: 5.551 Thread 0x0000017479b94e90 Exception <a 'java/lang/NoSuchMethodError'{0x00000000e1f55f30}: 'java.lang.Object java.lang.invoke.DirectMethodHandle$Holder.invokeStatic(java.lang.Object, java.lang.Object, java.lang.Object, java.lang.Object, java.lang.Object, java.lang.Object, java.lang.Object, java.lang.Object, java.lang.Object, java.lang.Object, java.lang.Object, java.lang.Object, java.lang.Object, java.lang.Object, java.lang.Object, java.lang.Object, java.lang.Object, java.lang.Object, java.lang.Object, java.lang.Object, java.lang.Obj
Event: 5.553 Thread 0x0000017479b94e90 Exception <a 'java/lang/NoSuchMethodError'{0x00000000e1f871a8}: 'java.lang.Object java.lang.invoke.DirectMethodHandle$Holder.invokeStatic(java.lang.Object, java.lang.Object, java.lang.Object, java.lang.Object, java.lang.Object, java.lang.Object, java.lang.Object, java.lang.Object, java.lang.Object, java.lang.Object, java.lang.Object, java.lang.Object, java.lang.Object, java.lang.Object, java.lang.Object, java.lang.Object, java.lang.Object, java.lang.Object, java.lang.Object, java.lang.Object, java.lang.Obj
Event: 5.624 Thread 0x0000017479b94e90 Exception <a 'java/lang/IncompatibleClassChangeError'{0x00000000e1e7dab0}: Found class java.lang.Object, but interface was expected> (0x00000000e1e7dab0) 
thrown [s\src\hotspot\share\interpreter\linkResolver.cpp, line 851]
Event: 5.962 Thread 0x0000017479b94e90 Exception <a 'java/lang/IncompatibleClassChangeError'{0x00000000e14cd238}: Found class java.lang.Object, but interface was expected> (0x00000000e14cd238) 
thrown [s\src\hotspot\share\interpreter\linkResolver.cpp, line 851]
Event: 5.971 Thread 0x0000017479b94e90 Exception <a 'java/lang/NoSuchMethodError'{0x00000000e14f7f20}: 'java.lang.Object java.lang.invoke.DirectMethodHandle$Holder.newInvokeSpecial(java.lang.Object, java.lang.Object, java.lang.Object, java.lang.Object, java.lang.Object, java.lang.Object, java.lang.Object, java.lang.Object, java.lang.Object, java.lang.Object, java.lang.Object, java.lang.Object, java.lang.Object)'> (0x00000000e14f7f20) 
thrown [s\src\hotspot\share\interpreter\linkResolver.cpp, line 784]
Event: 5.972 Thread 0x0000017479b94e90 Exception <a 'java/lang/NoSuchMethodError'{0x00000000e14fd3d0}: 'java.lang.Object java.lang.invoke.DirectMethodHandle$Holder.invokeSpecial(java.lang.Object, java.lang.Object, java.lang.Object, java.lang.Object, java.lang.Object, java.lang.Object, java.lang.Object, java.lang.Object, java.lang.Object, java.lang.Object, java.lang.Object, java.lang.Object, java.lang.Object, java.lang.Object)'> (0x00000000e14fd3d0) 
thrown [s\src\hotspot\share\interpreter\linkResolver.cpp, line 784]
Event: 5.972 Thread 0x0000017479b94e90 Exception <a 'java/lang/NoSuchMethodError'{0x00000000e1302038}: 'java.lang.Object java.lang.invoke.DelegatingMethodHandle$Holder.reinvoke_L(java.lang.Object, java.lang.Object, java.lang.Object, java.lang.Object, java.lang.Object, java.lang.Object, java.lang.Object, java.lang.Object, java.lang.Object, java.lang.Object, java.lang.Object, java.lang.Object, java.lang.Object)'> (0x00000000e1302038) 
thrown [s\src\hotspot\share\interpreter\linkResolver.cpp, line 784]
Event: 6.003 Thread 0x0000017479b94e90 Exception <a 'java/lang/NoSuchMethodError'{0x00000000e12023e8}: 'java.lang.Object java.lang.invoke.DirectMethodHandle$Holder.newInvokeSpecial(java.lang.Object, java.lang.Object, java.lang.Object, java.lang.Object, java.lang.Object, java.lang.Object, java.lang.Object, java.lang.Object)'> (0x00000000e12023e8) 
thrown [s\src\hotspot\share\interpreter\linkResolver.cpp, line 784]
Event: 6.011 Thread 0x0000017479b94e90 Exception <a 'java/lang/NoSuchMethodError'{0x00000000e1252978}: 'int java.lang.invoke.DirectMethodHandle$Holder.invokeStaticInit(java.lang.Object, java.lang.Object, java.lang.Object)'> (0x00000000e1252978) 
thrown [s\src\hotspot\share\interpreter\linkResolver.cpp, line 784]
Event: 6.160 Thread 0x0000017479b94e90 Exception <a 'java/lang/NoSuchMethodError'{0x00000000e0d70ff8}: 'java.lang.Object java.lang.invoke.DirectMethodHandle$Holder.invokeVirtual(java.lang.Object, java.lang.Object, java.lang.Object, java.lang.Object, java.lang.Object, java.lang.Object, java.lang.Object, java.lang.Object, java.lang.Object, java.lang.Object, java.lang.Object, java.lang.Object, java.lang.Object, java.lang.Object, java.lang.Object, java.lang.Object, java.lang.Object, java.lang.Object, java.lang.Object, java.lang.Object, java.lang.Ob
Event: 6.174 Thread 0x0000017479b94e90 Exception <a 'java/lang/NoSuchMethodError'{0x00000000e0de7318}: 'java.lang.Object java.lang.invoke.DirectMethodHandle$Holder.invokeSpecial(java.lang.Object, java.lang.Object, java.lang.Object, java.lang.Object, java.lang.Object, java.lang.Object, java.lang.Object, java.lang.Object, java.lang.Object, java.lang.Object, java.lang.Object, java.lang.Object, java.lang.Object, java.lang.Object, java.lang.Object, java.lang.Object, java.lang.Object, java.lang.Object, java.lang.Object, java.lang.Object, java.lang.Ob

ZGC Phase Switch (0 events):
No events

VM Operations (20 events):
Event: 4.703 Executing VM operation: HandshakeAllThreads (Deoptimize) done
Event: 4.703 Executing VM operation: Cleanup
Event: 4.703 Executing VM operation: Cleanup done
Event: 4.914 Executing VM operation: CollectForMetadataAllocation (Metadata GC Threshold)
Event: 4.919 Executing VM operation: CollectForMetadataAllocation (Metadata GC Threshold) done
Event: 4.922 Executing VM operation: G1PauseRemark
Event: 4.924 Executing VM operation: G1PauseRemark done
Event: 4.924 Executing VM operation: G1PauseCleanup
Event: 4.925 Executing VM operation: G1PauseCleanup done
Event: 5.106 Executing VM operation: HandshakeAllThreads (Deoptimize)
Event: 5.106 Executing VM operation: HandshakeAllThreads (Deoptimize) done
Event: 5.305 Executing VM operation: HandshakeAllThreads (Deoptimize)
Event: 5.305 Executing VM operation: HandshakeAllThreads (Deoptimize) done
Event: 5.579 Executing VM operation: HandshakeAllThreads (Deoptimize)
Event: 5.579 Executing VM operation: HandshakeAllThreads (Deoptimize) done
Event: 5.580 Executing VM operation: HandshakeAllThreads (Deoptimize)
Event: 5.580 Executing VM operation: HandshakeAllThreads (Deoptimize) done
Event: 5.716 Executing VM operation: ICBufferFull
Event: 5.716 Executing VM operation: ICBufferFull done
Event: 6.216 Executing VM operation: G1CollectForAllocation (G1 Evacuation Pause)

Events (20 events):
Event: 3.486 Loaded shared library C:\Program Files\Android\Android Studio\jbr\bin\management_ext.dll
Event: 3.541 Thread 0x0000017479ba2e80 Thread added: 0x0000017479ba2e80
Event: 3.796 Thread 0x0000017479bc0ad0 Thread exited: 0x0000017479bc0ad0
Event: 3.843 Loaded shared library C:\Program Files\Android\Android Studio\jbr\bin\extnet.dll
Event: 3.933 Thread 0x0000017479cfb100 Thread added: 0x0000017479cfb100
Event: 3.973 Thread 0x0000017479c06620 Thread added: 0x0000017479c06620
Event: 4.031 Thread 0x0000017479cf2a40 Thread added: 0x0000017479cf2a40
Event: 4.659 Thread 0x0000017479c06620 Thread exited: 0x0000017479c06620
Event: 4.745 Thread 0x0000017479e02360 Thread added: 0x0000017479e02360
Event: 4.748 Thread 0x0000017479e029d0 Thread added: 0x0000017479e029d0
Event: 4.783 Thread 0x0000017479d88af0 Thread added: 0x0000017479d88af0
Event: 4.795 Thread 0x0000017479b94e90 Thread added: 0x0000017479b94e90
Event: 4.804 Thread 0x0000017479b96240 Thread added: 0x0000017479b96240
Event: 4.809 Thread 0x0000017479b95520 Thread added: 0x0000017479b95520
Event: 4.810 Thread 0x0000017479b975f0 Thread added: 0x0000017479b975f0
Event: 5.305 Thread 0x0000017479b98310 Thread added: 0x0000017479b98310
Event: 5.316 Thread 0x0000017479b96f60 Thread added: 0x0000017479b96f60
Event: 5.351 Thread 0x0000017479b968d0 Thread added: 0x0000017479b968d0
Event: 5.543 Thread 0x0000017479e76e80 Thread added: 0x0000017479e76e80
Event: 6.037 Thread 0x000001747b9241b0 Thread added: 0x000001747b9241b0


Dynamic libraries:
0x00007ff7cf770000 - 0x00007ff7cf77a000 	C:\Program Files\Android\Android Studio\jbr\bin\java.exe
0x00007ffc66f60000 - 0x00007ffc671c7000 	C:\WINDOWS\SYSTEM32\ntdll.dll
0x00007ffc65ed0000 - 0x00007ffc65f99000 	C:\WINDOWS\System32\KERNEL32.DLL
0x00007ffc647a0000 - 0x00007ffc64b97000 	C:\WINDOWS\System32\KERNELBASE.dll
0x00007ffc19a60000 - 0x00007ffc19b3b000 	C:\Program Files\Bitdefender\Bitdefender Security\bdhkm\dlls_268351235206952720\bdhkm64.dll
0x00007ffc19880000 - 0x00007ffc19a5c000 	C:\Program Files\Bitdefender\Bitdefender Security\atcuf\dlls_268351235146064090\atcuf64.dll
0x00007ffc64520000 - 0x00007ffc6466b000 	C:\WINDOWS\System32\ucrtbase.dll
0x00007ffc23550000 - 0x00007ffc23568000 	C:\Program Files\Android\Android Studio\jbr\bin\jli.dll
0x00007ffc652d0000 - 0x00007ffc65496000 	C:\WINDOWS\System32\USER32.dll
0x00007ffc644f0000 - 0x00007ffc64517000 	C:\WINDOWS\System32\win32u.dll
0x00007ffc66470000 - 0x00007ffc6649b000 	C:\WINDOWS\System32\GDI32.dll
0x00007ffc64670000 - 0x00007ffc6479c000 	C:\WINDOWS\System32\gdi32full.dll
0x00007ffc64c30000 - 0x00007ffc64cd3000 	C:\WINDOWS\System32\msvcp_win.dll
0x00007ffc31f10000 - 0x00007ffc31f2b000 	C:\Program Files\Android\Android Studio\jbr\bin\VCRUNTIME140.dll
0x00007ffc416d0000 - 0x00007ffc41962000 	C:\WINDOWS\WinSxS\amd64_microsoft.windows.common-controls_6595b64144ccf1df_6.0.26100.8457_none_3e0b2faee331e92d\COMCTL32.dll
0x00007ffc650c0000 - 0x00007ffc65169000 	C:\WINDOWS\System32\msvcrt.dll
0x00007ffc66e10000 - 0x00007ffc66e42000 	C:\WINDOWS\System32\IMM32.DLL
0x00007ffc41c60000 - 0x00007ffc41c6c000 	C:\Program Files\Android\Android Studio\jbr\bin\vcruntime140_1.dll
0x00007ffbe8240000 - 0x00007ffbe82cd000 	C:\Program Files\Android\Android Studio\jbr\bin\msvcp140.dll
0x00007ffba2aa0000 - 0x00007ffba371d000 	C:\Program Files\Android\Android Studio\jbr\bin\server\jvm.dll
0x00007ffc66e50000 - 0x00007ffc66f06000 	C:\WINDOWS\System32\ADVAPI32.dll
0x00007ffc661d0000 - 0x00007ffc66277000 	C:\WINDOWS\System32\sechost.dll
0x00007ffc64ce0000 - 0x00007ffc64df8000 	C:\WINDOWS\System32\RPCRT4.dll
0x00007ffc66060000 - 0x00007ffc660e0000 	C:\WINDOWS\System32\WS2_32.dll
0x00007ffc637f0000 - 0x00007ffc6384e000 	C:\WINDOWS\SYSTEM32\POWRPROF.dll
0x00007ffc59160000 - 0x00007ffc59196000 	C:\WINDOWS\SYSTEM32\WINMM.dll
0x00007ffc51740000 - 0x00007ffc5174b000 	C:\WINDOWS\SYSTEM32\VERSION.dll
0x00007ffc637d0000 - 0x00007ffc637e4000 	C:\WINDOWS\SYSTEM32\UMPDC.dll
0x00007ffc626e0000 - 0x00007ffc626fb000 	C:\WINDOWS\SYSTEM32\kernel.appcore.dll
0x00007ffc41190000 - 0x00007ffc4119a000 	C:\Program Files\Android\Android Studio\jbr\bin\jimage.dll
0x00007ffc61a50000 - 0x00007ffc61c92000 	C:\WINDOWS\SYSTEM32\DBGHELP.DLL
0x00007ffc655a0000 - 0x00007ffc65923000 	C:\WINDOWS\System32\combase.dll
0x00007ffc660f0000 - 0x00007ffc661c9000 	C:\WINDOWS\System32\OLEAUT32.dll
0x00007ffc24860000 - 0x00007ffc2489b000 	C:\WINDOWS\SYSTEM32\dbgcore.DLL
0x00007ffc642c0000 - 0x00007ffc64368000 	C:\WINDOWS\System32\bcryptPrimitives.dll
0x00007ffc504a0000 - 0x00007ffc504ae000 	C:\Program Files\Android\Android Studio\jbr\bin\instrument.dll
0x00007ffc28440000 - 0x00007ffc2845f000 	C:\Program Files\Android\Android Studio\jbr\bin\java.dll
0x00007ffc1e2c0000 - 0x00007ffc1e2d8000 	C:\Program Files\Android\Android Studio\jbr\bin\zip.dll
0x00007ffc664a0000 - 0x00007ffc66c0e000 	C:\WINDOWS\System32\SHELL32.dll
0x00007ffc63a50000 - 0x00007ffc642bc000 	C:\WINDOWS\System32\windows.storage.dll
0x00007ffc654a0000 - 0x00007ffc65596000 	C:\WINDOWS\System32\SHCORE.dll
0x00007ffc65e50000 - 0x00007ffc65eb6000 	C:\WINDOWS\System32\shlwapi.dll
0x00007ffc638b0000 - 0x00007ffc638d9000 	C:\WINDOWS\SYSTEM32\profapi.dll
0x00007ffc3fe80000 - 0x00007ffc3fe90000 	C:\Program Files\Android\Android Studio\jbr\bin\net.dll
0x00007ffc51ed0000 - 0x00007ffc51ff9000 	C:\WINDOWS\SYSTEM32\WINHTTP.dll
0x00007ffc62c30000 - 0x00007ffc62c9c000 	C:\WINDOWS\system32\mswsock.dll
0x00007ffc1db80000 - 0x00007ffc1db96000 	C:\Program Files\Android\Android Studio\jbr\bin\nio.dll
0x00007ffc294a0000 - 0x00007ffc294b0000 	C:\Program Files\Android\Android Studio\jbr\bin\verify.dll
0x00007ffc31520000 - 0x00007ffc31547000 	C:\Users\Alex\.gradle\native\c067742578af261105cb4f569cf0c3c89f3d7b1fecec35dd04571415982c5e48\windows-amd64\native-platform.dll
0x00007ffbd1300000 - 0x00007ffbd1444000 	C:\Users\Alex\.gradle\native\100fb08df4bc3b14c8652ba06237920a3bd2aa13389f12d3474272988ae205f9\windows-amd64\native-platform-file-events.dll
0x00007ffc3ef60000 - 0x00007ffc3ef69000 	C:\Program Files\Android\Android Studio\jbr\bin\management.dll
0x00007ffc31400000 - 0x00007ffc3140b000 	C:\Program Files\Android\Android Studio\jbr\bin\management_ext.dll
0x00007ffc66460000 - 0x00007ffc66468000 	C:\WINDOWS\System32\PSAPI.DLL
0x00007ffc63030000 - 0x00007ffc6304b000 	C:\WINDOWS\SYSTEM32\CRYPTSP.dll
0x00007ffc62640000 - 0x00007ffc62679000 	C:\WINDOWS\system32\rsaenh.dll
0x00007ffc62ce0000 - 0x00007ffc62d13000 	C:\WINDOWS\SYSTEM32\USERENV.dll
0x00007ffc63880000 - 0x00007ffc638aa000 	C:\WINDOWS\SYSTEM32\bcrypt.dll
0x00007ffc62e90000 - 0x00007ffc62e9c000 	C:\WINDOWS\SYSTEM32\CRYPTBASE.dll
0x00007ffc62120000 - 0x00007ffc62152000 	C:\WINDOWS\SYSTEM32\IPHLPAPI.DLL
0x00007ffc66f10000 - 0x00007ffc66f1a000 	C:\WINDOWS\System32\NSI.dll
0x00007ffc3f0d0000 - 0x00007ffc3f0d9000 	C:\Program Files\Android\Android Studio\jbr\bin\extnet.dll
0x00007ffc2d7c0000 - 0x00007ffc2d7c8000 	C:\WINDOWS\system32\wshunix.dll

dbghelp: loaded successfully - version: 4.0.5 - missing functions: none
symbol engine: initialized successfully - sym options: 0x614 - pdb path: .;C:\Program Files\Android\Android Studio\jbr\bin;C:\WINDOWS\SYSTEM32;C:\Program Files\Bitdefender\Bitdefender Security\bdhkm\dlls_268351235206952720;C:\Program Files\Bitdefender\Bitdefender Security\atcuf\dlls_268351235146064090;C:\WINDOWS\WinSxS\amd64_microsoft.windows.common-controls_6595b64144ccf1df_6.0.26100.8457_none_3e0b2faee331e92d;C:\Program Files\Android\Android Studio\jbr\bin\server;C:\Users\Alex\.gradle\native\c067742578af261105cb4f569cf0c3c89f3d7b1fecec35dd04571415982c5e48\windows-amd64;C:\Users\Alex\.gradle\native\100fb08df4bc3b14c8652ba06237920a3bd2aa13389f12d3474272988ae205f9\windows-amd64

VM Arguments:
jvm_args: -XX:MaxMetaspaceSize=256m --add-opens=java.base/java.util=ALL-UNNAMED --add-opens=java.base/java.lang=ALL-UNNAMED --add-opens=java.base/java.lang.invoke=ALL-UNNAMED --add-opens=java.prefs/java.util.prefs=ALL-UNNAMED --add-exports=jdk.compiler/com.sun.tools.javac.api=ALL-UNNAMED --add-exports=jdk.compiler/com.sun.tools.javac.util=ALL-UNNAMED --add-opens=java.base/java.nio.charset=ALL-UNNAMED --add-opens=java.base/java.net=ALL-UNNAMED --add-opens=java.base/java.util.concurrent.atomic=ALL-UNNAMED -Xmx512m -Dfile.encoding=UTF-8 -Duser.country=US -Duser.language=en -Duser.variant -javaagent:C:\Users\Alex\.gradle\wrapper\dists\gradle-8.9-bin\90cnw93cvbtalezasaz0blq0a\gradle-8.9\lib\agents\gradle-instrumentation-agent-8.9.jar 
java_command: org.gradle.launcher.daemon.bootstrap.GradleDaemon 8.9
java_class_path (initial): C:\Users\Alex\.gradle\wrapper\dists\gradle-8.9-bin\90cnw93cvbtalezasaz0blq0a\gradle-8.9\lib\gradle-daemon-main-8.9.jar
Launcher Type: SUN_STANDARD

[Global flags]
     intx CICompilerCount                          = 4                                         {product} {ergonomic}
   size_t CompressedClassSpaceSize                 = 218103808                                 {product} {ergonomic}
     uint ConcGCThreads                            = 2                                         {product} {ergonomic}
     uint G1ConcRefinementThreads                  = 8                                         {product} {ergonomic}
   size_t G1HeapRegionSize                         = 1048576                                   {product} {ergonomic}
    uintx GCDrainStackTargetSize                   = 64                                        {product} {ergonomic}
   size_t InitialHeapSize                          = 264241152                                 {product} {ergonomic}
   size_t MarkStackSize                            = 4194304                                   {product} {ergonomic}
   size_t MaxHeapSize                              = 536870912                                 {product} {command line}
   size_t MaxMetaspaceSize                         = 268435456                                 {product} {command line}
   size_t MaxNewSize                               = 321912832                                 {product} {ergonomic}
   size_t MinHeapDeltaBytes                        = 1048576                                   {product} {ergonomic}
   size_t MinHeapSize                              = 8388608                                   {product} {ergonomic}
    uintx NonNMethodCodeHeapSize                   = 5839372                                {pd product} {ergonomic}
    uintx NonProfiledCodeHeapSize                  = 122909434                              {pd product} {ergonomic}
    uintx ProfiledCodeHeapSize                     = 122909434                              {pd product} {ergonomic}
    uintx ReservedCodeCacheSize                    = 251658240                              {pd product} {ergonomic}
     bool SegmentedCodeCache                       = true                                      {product} {ergonomic}
   size_t SoftMaxHeapSize                          = 536870912                              {manageable} {ergonomic}
     bool UseCompressedOops                        = true                           {product lp64_product} {ergonomic}
     bool UseG1GC                                  = true                                      {product} {ergonomic}
     bool UseLargePagesIndividualAllocation        = false                                  {pd product} {ergonomic}

Logging:
Log output configuration:
 #0: stdout all=warning uptime,level,tags foldmultilines=false
 #1: stderr all=off uptime,level,tags foldmultilines=false

Environment Variables:
JAVA_HOME=C:\Program Files\Java\jdk-19
PATH=C:\Program Files\Common Files\Oracle\Java\javapath;C:\Program Files (x86)\Common Files\Oracle\Java\javapath;C:\WINDOWS\system32;C:\WINDOWS;C:\WINDOWS\System32\Wbem;C:\WINDOWS\System32\WindowsPowerShell\v1.0\;C:\WINDOWS\System32\OpenSSH\;C:\Program Files\dotnet\;C:\msys64\mingw64\bin;C:\Program Files\Microsoft SQL Server\150\Tools\Binn\;C:\Program Files\Microsoft SQL Server\Client SDK\ODBC\170\Tools\Binn\;C:\Program Files\Git\cmd;C:\Users\Alex\apache-maven-3.9.9\bin;C:\Users\Alex\apache-maven-3.9.9\bin\bin;C:\Program Files (x86)\Microsoft SQL Server\160\DTS\Binn\;C:\Program Files (x86)\Microsoft SQL Server\160\Tools\Binn\;C:\Program Files\Microsoft SQL Server\160\Tools\Binn\;C:\Program Files\Microsoft SQL Server\160\DTS\Binn\;C:\Program Files\Docker\Docker\resources\bin;C:\Program Files (x86)\Windows Kits\10\Windows Performance Toolkit\;C:\Users\Alex\AppData\Local\Microsoft\WindowsApps;C:\Users\Alex\AppData\Local\Programs\Microsoft VS Code\bin;C:\Users\Alex\Desktop\Quartus\modelsim_ase\win32aloem;C:\Users\Alex\AppData\Local\Programs\Azure Data Studio\bin;;C:\Program Files\JetBrains\IntelliJ IDEA Community Edition 2024.3.4.1\bin;;C:\Users\Alex\AppData\Local\Programs\Warp\bin
USERNAME=Alex
OS=Windows_NT
PROCESSOR_IDENTIFIER=Intel64 Family 6 Model 140 Stepping 2, GenuineIntel
TMP=C:\Users\Alex\AppData\Local\Temp
TEMP=C:\Users\Alex\AppData\Local\Temp




Periodic native trim disabled

JNI global refs:
JNI global refs: 23, weak refs: 0

JNI global refs memory usage: 835, weak refs: 833

Process memory usage:
Resident Set Size: 213072K (1% of 16509732K total physical memory with 1803708K free physical memory)

OOME stack traces (most recent first):
Classloader memory used:
Loader bootstrap                                                                       : 16444K
Loader org.gradle.internal.classloader.VisitableURLClassLoader                         : 11236K
Loader org.gradle.initialization.MixInLegacyTypesClassLoader                           : 1495K
Loader jdk.internal.loader.ClassLoaders$AppClassLoader                                 : 230K
Loader jdk.internal.loader.ClassLoaders$PlatformClassLoader                            : 114K

Classes loaded by more than one classloader:
Class org.gradle.internal.classloader.FilteringClassLoader                            : loaded 2 times (x 102B)
Class org.gradle.internal.classloader.ClassLoaderHierarchy                            : loaded 2 times (x 67B)
Class org.gradle.api.internal.classpath.ManifestUtil                                  : loaded 2 times (x 68B)
Class org.gradle.internal.classloader.DefaultClassLoaderFactory                       : loaded 2 times (x 79B)
Class org.gradle.internal.classloader.ClassLoaderVisitor                              : loaded 2 times (x 73B)
Class org.gradle.api.internal.classpath.EffectiveClassPath                            : loaded 2 times (x 87B)
Class org.gradle.api.internal.DefaultClassPathProvider                                : loaded 2 times (x 73B)
Class [Lorg.gradle.api.internal.ClassPathProvider;                                    : loaded 2 times (x 66B)
Class org.gradle.api.internal.ClassPathProvider                                       : loaded 2 times (x 67B)
Class org.gradle.internal.service.UnknownServiceException                             : loaded 2 times (x 80B)
Class org.gradle.internal.classpath.TransformedClassPath                              : loaded 2 times (x 93B)
Class org.gradle.internal.service.ServiceLocator                                      : loaded 2 times (x 67B)
Class org.gradle.internal.InternalTransformer                                         : loaded 2 times (x 67B)
Class org.gradle.internal.classloader.ClasspathUtil$1                                 : loaded 2 times (x 73B)
Class org.gradle.api.internal.classpath.DefaultModuleRegistry$DefaultModule           : loaded 2 times (x 83B)
Class org.gradle.api.internal.classpath.Module                                        : loaded 2 times (x 67B)
Class org.gradle.api.internal.classpath.UnknownModuleException                        : loaded 2 times (x 79B)
Class org.gradle.api.internal.DefaultClassPathRegistry                                : loaded 2 times (x 73B)
Class org.gradle.api.internal.ClassPathRegistry                                       : loaded 2 times (x 67B)
Class org.gradle.internal.classpath.DefaultClassPath$ImmutableUniqueList              : loaded 2 times (x 196B)
Class org.gradle.internal.classpath.ClassPath                                         : loaded 2 times (x 67B)
Class org.gradle.api.UncheckedIOException                                             : loaded 2 times (x 79B)
Class org.gradle.internal.installation.GradleInstallation$1                           : loaded 2 times (x 72B)
Class org.gradle.api.internal.classpath.ModuleRegistry                                : loaded 2 times (x 67B)
Class org.gradle.api.internal.classpath.DefaultModuleRegistry                         : loaded 2 times (x 80B)
Class org.gradle.internal.service.ServiceLookupException                              : loaded 2 times (x 79B)
Class org.gradle.internal.classloader.ClassLoaderFactory                              : loaded 2 times (x 67B)
Class org.gradle.internal.service.CachingServiceLocator                               : loaded 2 times (x 79B)
Class org.gradle.internal.classloader.ClasspathUtil                                   : loaded 2 times (x 68B)
Class org.gradle.api.specs.Spec                                                       : loaded 2 times (x 67B)
Class org.gradle.internal.classloader.VisitableURLClassLoader$InstrumentingVisitableURLClassLoader: loaded 2 times (x 120B)
Class org.gradle.internal.classloader.VisitableURLClassLoader$Spec                    : loaded 2 times (x 71B)
Class org.gradle.internal.classpath.DefaultClassPath                                  : loaded 2 times (x 87B)
Class org.gradle.internal.classloader.ClassLoaderSpec                                 : loaded 2 times (x 68B)
Class org.gradle.internal.classloader.VisitableURLClassLoader                         : loaded 2 times (x 114B)
Class org.gradle.internal.Cast                                                        : loaded 2 times (x 68B)
Class org.gradle.api.Action                                                           : loaded 2 times (x 67B)
Class org.gradle.internal.agents.InstrumentingClassLoader                             : loaded 2 times (x 67B)
Class org.gradle.internal.classpath.DefaultClassPath$ImmutableUniqueList$Builder      : loaded 2 times (x 72B)
Class org.gradle.api.GradleException                                                  : loaded 2 times (x 79B)
Class org.gradle.internal.IoActions                                                   : loaded 2 times (x 68B)
Class org.gradle.internal.classloader.SystemClassLoaderSpec                           : loaded 2 times (x 68B)
Class org.gradle.internal.installation.CurrentGradleInstallationLocator               : loaded 2 times (x 68B)
Class org.gradle.internal.service.DefaultServiceLocator                               : loaded 2 times (x 80B)
Class org.gradle.internal.installation.CurrentGradleInstallation                      : loaded 2 times (x 70B)
Class org.gradle.util.internal.GUtil                                                  : loaded 2 times (x 68B)
Class org.gradle.internal.installation.GradleInstallation                             : loaded 2 times (x 72B)

---------------  S Y S T E M  ---------------

OS:
 Windows 11 , 64 bit Build 26100 (10.0.26100.8328)
OS uptime: 1 days 19:31 hours
Hyper-V role detected

CPU: total 8 (initial active 8) (4 cores per cpu, 2 threads per core) family 6 model 140 stepping 2 microcode 0x3c, cx8, cmov, fxsr, ht, mmx, 3dnowpref, sse, sse2, sse3, ssse3, sse4.1, sse4.2, popcnt, lzcnt, tsc, tscinvbit, avx, avx2, aes, erms, clmul, bmi1, bmi2, adx, avx512f, avx512dq, avx512cd, avx512bw, avx512vl, sha, fma, vzeroupper, avx512_vpopcntdq, avx512_vpclmulqdq, avx512_vaes, avx512_vnni, clflush, clflushopt, clwb, avx512_vbmi2, avx512_vbmi, hv, rdtscp, rdpid, fsrm, gfni, avx512_bitalg, f16c, cet_ibt, cet_ss, avx512_ifma
Processor Information for all 8 processors :
  Max Mhz: 2496, Current Mhz: 2496, Mhz Limit: 2496

Memory: 4k page, system-wide physical 16122M (1761M free)
TotalPageFile size 24314M (AvailPageFile size 5M)
current process WorkingSet (physical memory assigned to process): 208M, peak: 208M
current process commit charge ("private bytes"): 248M, peak: 385M

vm_info: OpenJDK 64-Bit Server VM (21.0.3+-12282718-b509.11) for windows-amd64 JRE (21.0.3+-12282718-b509.11), built on 2024-08-27T17:34:15Z by "builder" with MS VC++ 16.10 / 16.11 (VS2019)

END.
