#
# There is insufficient memory for the Java Runtime Environment to continue.
# Native memory allocation (malloc) failed to allocate 2138416 bytes. Error detail: Chunk::new
# Possible reasons:
#   The system is out of physical RAM or swap space
#   This process is running with CompressedOops enabled, and the Java Heap may be blocking the growth of the native heap
# Possible solutions:
#   Reduce memory load on the system
#   Increase physical memory or swap space
#   Check if swap backing store is full
#   Decrease Java heap size (-Xmx/-Xms)
#   Decrease number of Java threads
#   Decrease Java thread stack sizes (-Xss)
#   Set larger code cache with -XX:ReservedCodeCacheSize=
#   JVM is running with Unscaled Compressed Oops mode in which the Java heap is
#     placed in the first 4GB address space. The Java Heap base address is the
#     maximum limit for the native heap growth. Please use -XX:HeapBaseMinAddress
#     to set the Java Heap base and to place the Java Heap above 4GB virtual address.
# This output file may be truncated or incomplete.
#
#  Out of Memory Error (arena.cpp:168), pid=6084, tid=14484
#
# JRE version: OpenJDK Runtime Environment (21.0.3) (build 21.0.3+-12282718-b509.11)
# Java VM: OpenJDK 64-Bit Server VM (21.0.3+-12282718-b509.11, mixed mode, tiered, compressed oops, compressed class ptrs, g1 gc, windows-amd64)
# No core dump will be written. Minidumps are not enabled by default on client versions of Windows
#

---------------  S U M M A R Y ------------

Command Line: -XX:MaxMetaspaceSize=512m --add-opens=java.base/java.util=ALL-UNNAMED --add-opens=java.base/java.lang=ALL-UNNAMED --add-opens=java.base/java.lang.invoke=ALL-UNNAMED --add-opens=java.prefs/java.util.prefs=ALL-UNNAMED --add-exports=jdk.compiler/com.sun.tools.javac.api=ALL-UNNAMED --add-exports=jdk.compiler/com.sun.tools.javac.util=ALL-UNNAMED --add-opens=java.base/java.nio.charset=ALL-UNNAMED --add-opens=java.base/java.net=ALL-UNNAMED --add-opens=java.base/java.util.concurrent.atomic=ALL-UNNAMED -Xmx1g -Dfile.encoding=UTF-8 -Duser.country=US -Duser.language=en -Duser.variant -javaagent:C:\Users\Alex\.gradle\wrapper\dists\gradle-8.9-bin\90cnw93cvbtalezasaz0blq0a\gradle-8.9\lib\agents\gradle-instrumentation-agent-8.9.jar org.gradle.launcher.daemon.bootstrap.GradleDaemon 8.9

Host: 11th Gen Intel(R) Core(TM) i5-11320H @ 3.20GHz, 8 cores, 15G,  Windows 11 , 64 bit Build 26100 (10.0.26100.8328)
Time: Fri Jun  5 20:38:00 2026 GTB Daylight Time elapsed time: 9.660677 seconds (0d 0h 0m 9s)

---------------  T H R E A D  ---------------

Current thread (0x00000227fb3dea20):  JavaThread "C2 CompilerThread1" daemon [_thread_in_native, id=14484, stack(0x0000008c0af00000,0x0000008c0b000000) (1024K)]


Current CompileTask:
C2:   9660 3393   !   4       java.lang.ClassLoader::loadClass (121 bytes)

Stack: [0x0000008c0af00000,0x0000008c0b000000]
Native frames: (J=compiled Java code, j=interpreted, Vv=VM code, C=native code)
V  [jvm.dll+0x6cafb9]
V  [jvm.dll+0x858523]
V  [jvm.dll+0x85aa7e]
V  [jvm.dll+0x85b163]
V  [jvm.dll+0x27d356]
V  [jvm.dll+0xbf93d]
V  [jvm.dll+0xbfe73]
V  [jvm.dll+0x3b1ceb]
V  [jvm.dll+0x1de082]
V  [jvm.dll+0x246c54]
V  [jvm.dll+0x2460d1]
V  [jvm.dll+0x1c5804]
V  [jvm.dll+0x25575c]
V  [jvm.dll+0x253c36]
V  [jvm.dll+0x3ec996]
V  [jvm.dll+0x800d78]
V  [jvm.dll+0x6c98cd]
C  [ucrtbase.dll+0x37b0]
C  [KERNEL32.DLL+0x2e957]
C  [ntdll.dll+0x427c]


---------------  P R O C E S S  ---------------

Threads class SMR info:
_java_thread_list=0x0000022780832630, length=37, elements={
0x00000227dda2b2c0, 0x00000227fb0bd1a0, 0x00000227fb0bfc10, 0x00000227fb0d3a20,
0x00000227fb0d5190, 0x00000227fb0d6370, 0x00000227fb0d7940, 0x00000227fb0e3b00,
0x00000227fb0eee70, 0x00000227fb24bc90, 0x00000227fb4e4fe0, 0x00000227fce71160,
0x00000227fce6f720, 0x00000227fce70440, 0x00000227fce6f090, 0x00000227fce6e370,
0x00000227fb3dea20, 0x00000227fce6ea00, 0x00000227fce6dce0, 0x00000227fce70ad0,
0x00000227fc439e70, 0x00000227fc43a500, 0x00000227fc43c5d0, 0x00000227fc43b8b0,
0x00000227fc43ab90, 0x00000227fc43cc60, 0x00000227fc4397e0, 0x00000227fc43e010,
0x00000227fc43f3c0, 0x00000227fc43e6a0, 0x00000227fc43ed30, 0x00000227fc43bf40,
0x00000227fc440770, 0x00000227fc43d2f0, 0x00000227fc43fa50, 0x00000227fc4400e0,
0x00000227fc440e00
}

Java Threads: ( => current thread )
  0x00000227dda2b2c0 JavaThread "main"                              [_thread_blocked, id=20432, stack(0x0000008c09200000,0x0000008c09300000) (1024K)]
  0x00000227fb0bd1a0 JavaThread "Reference Handler"          daemon [_thread_blocked, id=21252, stack(0x0000008c09a00000,0x0000008c09b00000) (1024K)]
  0x00000227fb0bfc10 JavaThread "Finalizer"                  daemon [_thread_blocked, id=16228, stack(0x0000008c09b00000,0x0000008c09c00000) (1024K)]
  0x00000227fb0d3a20 JavaThread "Signal Dispatcher"          daemon [_thread_blocked, id=19540, stack(0x0000008c09c00000,0x0000008c09d00000) (1024K)]
  0x00000227fb0d5190 JavaThread "Attach Listener"            daemon [_thread_blocked, id=25632, stack(0x0000008c09d00000,0x0000008c09e00000) (1024K)]
  0x00000227fb0d6370 JavaThread "Service Thread"             daemon [_thread_blocked, id=11276, stack(0x0000008c09e00000,0x0000008c09f00000) (1024K)]
  0x00000227fb0d7940 JavaThread "Monitor Deflation Thread"   daemon [_thread_blocked, id=27116, stack(0x0000008c09f00000,0x0000008c0a000000) (1024K)]
  0x00000227fb0e3b00 JavaThread "C2 CompilerThread0"         daemon [_thread_in_native, id=16316, stack(0x0000008c0a000000,0x0000008c0a100000) (1024K)]
  0x00000227fb0eee70 JavaThread "C1 CompilerThread0"         daemon [_thread_blocked, id=3736, stack(0x0000008c0a100000,0x0000008c0a200000) (1024K)]
  0x00000227fb24bc90 JavaThread "Common-Cleaner"             daemon [_thread_blocked, id=12752, stack(0x0000008c0a200000,0x0000008c0a300000) (1024K)]
  0x00000227fb4e4fe0 JavaThread "Notification Thread"        daemon [_thread_blocked, id=7908, stack(0x0000008c0a300000,0x0000008c0a400000) (1024K)]
  0x00000227fce71160 JavaThread "Daemon health stats"               [_thread_blocked, id=16964, stack(0x0000008c0ab00000,0x0000008c0ac00000) (1024K)]
  0x00000227fce6f720 JavaThread "Incoming local TCP Connector on port 58716"        [_thread_in_native, id=2872, stack(0x0000008c0aa00000,0x0000008c0ab00000) (1024K)]
  0x00000227fce70440 JavaThread "Daemon periodic checks"            [_thread_blocked, id=16616, stack(0x0000008c0ac00000,0x0000008c0ad00000) (1024K)]
  0x00000227fce6f090 JavaThread "Daemon"                            [_thread_blocked, id=15404, stack(0x0000008c0ad00000,0x0000008c0ae00000) (1024K)]
  0x00000227fce6e370 JavaThread "Handler for socket connection from /127.0.0.1:58716 to /127.0.0.1:58718"        [_thread_in_native, id=18292, stack(0x0000008c0ae00000,0x0000008c0af00000) (1024K)]
=>0x00000227fb3dea20 JavaThread "C2 CompilerThread1"         daemon [_thread_in_native, id=14484, stack(0x0000008c0af00000,0x0000008c0b000000) (1024K)]
  0x00000227fce6ea00 JavaThread "Cancel handler"                    [_thread_blocked, id=19140, stack(0x0000008c0b000000,0x0000008c0b100000) (1024K)]
  0x00000227fce6dce0 JavaThread "Daemon worker"                     [_thread_in_native, id=15136, stack(0x0000008c0b100000,0x0000008c0b200000) (1024K)]
  0x00000227fce70ad0 JavaThread "Asynchronous log dispatcher for DefaultDaemonConnection: socket connection from /127.0.0.1:58716 to /127.0.0.1:58718"        [_thread_blocked, id=26684, stack(0x0000008c0b200000,0x0000008c0b300000) (1024K)]
  0x00000227fc439e70 JavaThread "Stdin handler"                     [_thread_blocked, id=18848, stack(0x0000008c0b300000,0x0000008c0b400000) (1024K)]
  0x00000227fc43a500 JavaThread "Daemon client event forwarder"        [_thread_blocked, id=18332, stack(0x0000008c0b400000,0x0000008c0b500000) (1024K)]
  0x00000227fc43c5d0 JavaThread "Cache worker for journal cache (C:\Users\Alex\.gradle\caches\journal-1)"        [_thread_blocked, id=9376, stack(0x0000008c0b800000,0x0000008c0b900000) (1024K)]
  0x00000227fc43b8b0 JavaThread "File lock request listener"        [_thread_in_native, id=20796, stack(0x0000008c0b900000,0x0000008c0ba00000) (1024K)]
  0x00000227fc43ab90 JavaThread "Cache worker for file hash cache (C:\Users\Alex\.gradle\caches\8.9\fileHashes)"        [_thread_blocked, id=17132, stack(0x0000008c0ba00000,0x0000008c0bb00000) (1024K)]
  0x00000227fc43cc60 JavaThread "Cache worker for file hash cache (C:\Users\Alex\AndroidStudioProjects\MovieDates\.gradle\8.9\fileHashes)"        [_thread_blocked, id=12392, stack(0x0000008c0bb00000,0x0000008c0bc00000) (1024K)]
  0x00000227fc4397e0 JavaThread "Cache worker for Build Output Cleanup Cache (C:\Users\Alex\AndroidStudioProjects\MovieDates\.gradle\buildOutputCleanup)"        [_thread_blocked, id=24652, stack(0x0000008c0bc00000,0x0000008c0bd00000) (1024K)]
  0x00000227fc43e010 JavaThread "File watcher server"        daemon [_thread_in_native, id=20112, stack(0x0000008c0bd00000,0x0000008c0be00000) (1024K)]
  0x00000227fc43f3c0 JavaThread "File watcher consumer"      daemon [_thread_blocked, id=15752, stack(0x0000008c0be00000,0x0000008c0bf00000) (1024K)]
  0x00000227fc43e6a0 JavaThread "jar transforms"                    [_thread_blocked, id=18980, stack(0x0000008c0bf00000,0x0000008c0c000000) (1024K)]
  0x00000227fc43ed30 JavaThread "jar transforms Thread 2"           [_thread_blocked, id=22508, stack(0x0000008c0c000000,0x0000008c0c100000) (1024K)]
  0x00000227fc43bf40 JavaThread "jar transforms Thread 3"           [_thread_blocked, id=9692, stack(0x0000008c0c100000,0x0000008c0c200000) (1024K)]
  0x00000227fc440770 JavaThread "jar transforms Thread 4"           [_thread_blocked, id=19692, stack(0x0000008c0c200000,0x0000008c0c300000) (1024K)]
  0x00000227fc43d2f0 JavaThread "jar transforms Thread 5"           [_thread_blocked, id=8840, stack(0x0000008c0c300000,0x0000008c0c400000) (1024K)]
  0x00000227fc43fa50 JavaThread "jar transforms Thread 6"           [_thread_blocked, id=15388, stack(0x0000008c0c400000,0x0000008c0c500000) (1024K)]
  0x00000227fc4400e0 JavaThread "jar transforms Thread 7"           [_thread_blocked, id=18308, stack(0x0000008c0c500000,0x0000008c0c600000) (1024K)]
  0x00000227fc440e00 JavaThread "jar transforms Thread 8"           [_thread_blocked, id=26948, stack(0x0000008c0c600000,0x0000008c0c700000) (1024K)]
Total: 37

Other Threads:
  0x00000227f6ae9980 VMThread "VM Thread"                           [id=16336, stack(0x0000008c09900000,0x0000008c09a00000) (1024K)]
  0x00000227f6ad8ab0 WatcherThread "VM Periodic Task Thread"        [id=3276, stack(0x0000008c09800000,0x0000008c09900000) (1024K)]
  0x00000227de5333f0 WorkerThread "GC Thread#0"                     [id=18692, stack(0x0000008c09300000,0x0000008c09400000) (1024K)]
  0x00000227fb6f6810 WorkerThread "GC Thread#1"                     [id=22704, stack(0x0000008c0a500000,0x0000008c0a600000) (1024K)]
  0x00000227fbca4400 WorkerThread "GC Thread#2"                     [id=19604, stack(0x0000008c0a600000,0x0000008c0a700000) (1024K)]
  0x00000227fb9aa9d0 WorkerThread "GC Thread#3"                     [id=14288, stack(0x0000008c0a700000,0x0000008c0a800000) (1024K)]
  0x00000227fb9aad70 WorkerThread "GC Thread#4"                     [id=22428, stack(0x0000008c0a800000,0x0000008c0a900000) (1024K)]
  0x00000227fb673a00 WorkerThread "GC Thread#5"                     [id=2336, stack(0x0000008c0a900000,0x0000008c0aa00000) (1024K)]
  0x00000227fb297300 WorkerThread "GC Thread#6"                     [id=18600, stack(0x0000008c0b500000,0x0000008c0b600000) (1024K)]
  0x00000227fb2976a0 WorkerThread "GC Thread#7"                     [id=27304, stack(0x0000008c0b600000,0x0000008c0b700000) (1024K)]
  0x00000227de53c2e0 ConcurrentGCThread "G1 Main Marker"            [id=1628, stack(0x0000008c09400000,0x0000008c09500000) (1024K)]
  0x00000227de53db30 WorkerThread "G1 Conc#0"                       [id=8200, stack(0x0000008c09500000,0x0000008c09600000) (1024K)]
  0x00000227fcf8bfd0 WorkerThread "G1 Conc#1"                       [id=17308, stack(0x0000008c0b700000,0x0000008c0b800000) (1024K)]
  0x00000227f69b1600 ConcurrentGCThread "G1 Refine#0"               [id=28048, stack(0x0000008c09600000,0x0000008c09700000) (1024K)]
  0x00000227f69b2b40 ConcurrentGCThread "G1 Service"                [id=16236, stack(0x0000008c09700000,0x0000008c09800000) (1024K)]
Total: 15

Threads with active compile tasks:
C2 CompilerThread0    10722 3561   !   4       java.net.URL::<init> (543 bytes)
C2 CompilerThread1    10722 3393   !   4       java.lang.ClassLoader::loadClass (121 bytes)
Total: 2

VM state: not at safepoint (normal execution)

VM Mutex/Monitor currently owned by a thread: None

Heap address: 0x00000000c0000000, size: 1024 MB, Compressed Oops mode: 32-bit

CDS archive(s) not mapped
Compressed class space mapped at: 0x0000000100000000-0x000000011a000000, reserved size: 436207616
Narrow klass base: 0x0000000000000000, Narrow klass shift: 3, Narrow klass range: 0x11a000000

GC Precious Log:
 CardTable entry size: 512
 Card Set container configuration: InlinePtr #cards 5 size 8 Array Of Cards #cards 12 size 40 Howl #buckets 4 coarsen threshold 1843 Howl Bitmap #cards 512 size 80 coarsen threshold 460 Card regions per heap region 1 cards per card region 2048
 CPUs: 8 total, 8 available
 Memory: 16122M
 Large Page Support: Disabled
 NUMA Support: Disabled
 Compressed Oops: Enabled (32-bit)
 Heap Region Size: 1M
 Heap Min Capacity: 8M
 Heap Initial Capacity: 252M
 Heap Max Capacity: 1G
 Pre-touch: Disabled
 Parallel Workers: 8
 Concurrent Workers: 2
 Concurrent Refinement Workers: 8
 Periodic GC: Disabled

Heap:
 garbage-first heap   total 75776K, used 50530K [0x00000000c0000000, 0x0000000100000000)
  region size 1024K, 13 young (13312K), 5 survivors (5120K)
 Metaspace       used 36009K, committed 36864K, reserved 491520K
  class space    used 4903K, committed 5312K, reserved 425984K

Heap Regions: E=young(eden), S=young(survivor), O=old, HS=humongous(starts), HC=humongous(continues), CS=collection set, F=free, TAMS=top-at-mark-start, PB=parsable bottom
|   0|0x00000000c0000000, 0x00000000c0100000, 0x00000000c0100000|100%|HS|  |TAMS 0x00000000c0000000| PB 0x00000000c0000000| Complete 
|   1|0x00000000c0100000, 0x00000000c0200000, 0x00000000c0200000|100%|HC|  |TAMS 0x00000000c0100000| PB 0x00000000c0100000| Complete 
|   2|0x00000000c0200000, 0x00000000c0300000, 0x00000000c0300000|100%|HC|  |TAMS 0x00000000c0200000| PB 0x00000000c0200000| Complete 
|   3|0x00000000c0300000, 0x00000000c0400000, 0x00000000c0400000|100%|HC|  |TAMS 0x00000000c0300000| PB 0x00000000c0300000| Complete 
|   4|0x00000000c0400000, 0x00000000c0500000, 0x00000000c0500000|100%| O|  |TAMS 0x00000000c0400000| PB 0x00000000c0400000| Untracked 
|   5|0x00000000c0500000, 0x00000000c0600000, 0x00000000c0600000|100%| O|  |TAMS 0x00000000c0500000| PB 0x00000000c0500000| Untracked 
|   6|0x00000000c0600000, 0x00000000c0700000, 0x00000000c0700000|100%| O|  |TAMS 0x00000000c0600000| PB 0x00000000c0600000| Untracked 
|   7|0x00000000c0700000, 0x00000000c0800000, 0x00000000c0800000|100%| O|  |TAMS 0x00000000c0700000| PB 0x00000000c0700000| Untracked 
|   8|0x00000000c0800000, 0x00000000c0900000, 0x00000000c0900000|100%| O|  |TAMS 0x00000000c0800000| PB 0x00000000c0800000| Untracked 
|   9|0x00000000c0900000, 0x00000000c0a00000, 0x00000000c0a00000|100%| O|  |TAMS 0x00000000c0900000| PB 0x00000000c0900000| Untracked 
|  10|0x00000000c0a00000, 0x00000000c0b00000, 0x00000000c0b00000|100%| O|  |TAMS 0x00000000c0a00000| PB 0x00000000c0a00000| Untracked 
|  11|0x00000000c0b00000, 0x00000000c0c00000, 0x00000000c0c00000|100%|HS|  |TAMS 0x00000000c0b00000| PB 0x00000000c0b00000| Complete 
|  12|0x00000000c0c00000, 0x00000000c0d00000, 0x00000000c0d00000|100%| O|  |TAMS 0x00000000c0c00000| PB 0x00000000c0c00000| Untracked 
|  13|0x00000000c0d00000, 0x00000000c0e00000, 0x00000000c0e00000|100%| O|  |TAMS 0x00000000c0d00000| PB 0x00000000c0d00000| Untracked 
|  14|0x00000000c0e00000, 0x00000000c0f00000, 0x00000000c0f00000|100%| O|  |TAMS 0x00000000c0e00000| PB 0x00000000c0e00000| Untracked 
|  15|0x00000000c0f00000, 0x00000000c1000000, 0x00000000c1000000|100%| O|  |TAMS 0x00000000c0f00000| PB 0x00000000c0f00000| Untracked 
|  16|0x00000000c1000000, 0x00000000c1100000, 0x00000000c1100000|100%| O|  |TAMS 0x00000000c1000000| PB 0x00000000c1000000| Untracked 
|  17|0x00000000c1100000, 0x00000000c1200000, 0x00000000c1200000|100%| O|  |TAMS 0x00000000c1100000| PB 0x00000000c1100000| Untracked 
|  18|0x00000000c1200000, 0x00000000c1300000, 0x00000000c1300000|100%| O|  |TAMS 0x00000000c1200000| PB 0x00000000c1200000| Untracked 
|  19|0x00000000c1300000, 0x00000000c1400000, 0x00000000c1400000|100%| O|  |TAMS 0x00000000c1300000| PB 0x00000000c1300000| Untracked 
|  20|0x00000000c1400000, 0x00000000c1500000, 0x00000000c1500000|100%| O|  |TAMS 0x00000000c1400000| PB 0x00000000c1400000| Untracked 
|  21|0x00000000c1500000, 0x00000000c1600000, 0x00000000c1600000|100%| O|Cm|TAMS 0x00000000c1500000| PB 0x00000000c1500000| Complete 
|  22|0x00000000c1600000, 0x00000000c1700000, 0x00000000c1700000|100%|HS|  |TAMS 0x00000000c1600000| PB 0x00000000c1600000| Complete 
|  23|0x00000000c1700000, 0x00000000c1800000, 0x00000000c1800000|100%|HC|  |TAMS 0x00000000c1700000| PB 0x00000000c1700000| Complete 
|  24|0x00000000c1800000, 0x00000000c1900000, 0x00000000c1900000|100%|HC|  |TAMS 0x00000000c1800000| PB 0x00000000c1800000| Complete 
|  25|0x00000000c1900000, 0x00000000c1a00000, 0x00000000c1a00000|100%|HC|  |TAMS 0x00000000c1900000| PB 0x00000000c1900000| Complete 
|  26|0x00000000c1a00000, 0x00000000c1b00000, 0x00000000c1b00000|100%|HC|  |TAMS 0x00000000c1a00000| PB 0x00000000c1a00000| Complete 
|  27|0x00000000c1b00000, 0x00000000c1c00000, 0x00000000c1c00000|100%|HC|  |TAMS 0x00000000c1b00000| PB 0x00000000c1b00000| Complete 
|  28|0x00000000c1c00000, 0x00000000c1d00000, 0x00000000c1d00000|100%|HS|  |TAMS 0x00000000c1c00000| PB 0x00000000c1c00000| Complete 
|  29|0x00000000c1d00000, 0x00000000c1e00000, 0x00000000c1e00000|100%|HC|  |TAMS 0x00000000c1d00000| PB 0x00000000c1d00000| Complete 
|  30|0x00000000c1e00000, 0x00000000c1f00000, 0x00000000c1f00000|100%|HC|  |TAMS 0x00000000c1e00000| PB 0x00000000c1e00000| Complete 
|  31|0x00000000c1f00000, 0x00000000c2000000, 0x00000000c2000000|100%|HS|  |TAMS 0x00000000c1f00000| PB 0x00000000c1f00000| Complete 
|  32|0x00000000c2000000, 0x00000000c2100000, 0x00000000c2100000|100%|HC|  |TAMS 0x00000000c2000000| PB 0x00000000c2000000| Complete 
|  33|0x00000000c2100000, 0x00000000c2200000, 0x00000000c2200000|100%| O|  |TAMS 0x00000000c2100000| PB 0x00000000c2100000| Untracked 
|  34|0x00000000c2200000, 0x00000000c2300000, 0x00000000c2300000|100%|HS|  |TAMS 0x00000000c2200000| PB 0x00000000c2200000| Complete 
|  35|0x00000000c2300000, 0x00000000c2300000, 0x00000000c2400000|  0%| F|  |TAMS 0x00000000c2300000| PB 0x00000000c2300000| Untracked 
|  36|0x00000000c2400000, 0x00000000c2400000, 0x00000000c2500000|  0%| F|  |TAMS 0x00000000c2400000| PB 0x00000000c2400000| Untracked 
|  37|0x00000000c2500000, 0x00000000c2500000, 0x00000000c2600000|  0%| F|  |TAMS 0x00000000c2500000| PB 0x00000000c2500000| Untracked 
|  38|0x00000000c2600000, 0x00000000c2600000, 0x00000000c2700000|  0%| F|  |TAMS 0x00000000c2600000| PB 0x00000000c2600000| Untracked 
|  39|0x00000000c2700000, 0x00000000c2800000, 0x00000000c2800000|100%| O|  |TAMS 0x00000000c2700000| PB 0x00000000c2700000| Untracked 
|  40|0x00000000c2800000, 0x00000000c2900000, 0x00000000c2900000|100%| O|  |TAMS 0x00000000c2800000| PB 0x00000000c2800000| Untracked 
|  41|0x00000000c2900000, 0x00000000c2958948, 0x00000000c2a00000| 34%| O|  |TAMS 0x00000000c2900000| PB 0x00000000c2900000| Untracked 
|  42|0x00000000c2a00000, 0x00000000c2a00000, 0x00000000c2b00000|  0%| F|  |TAMS 0x00000000c2a00000| PB 0x00000000c2a00000| Untracked 
|  43|0x00000000c2b00000, 0x00000000c2b00000, 0x00000000c2c00000|  0%| F|  |TAMS 0x00000000c2b00000| PB 0x00000000c2b00000| Untracked 
|  44|0x00000000c2c00000, 0x00000000c2c00000, 0x00000000c2d00000|  0%| F|  |TAMS 0x00000000c2c00000| PB 0x00000000c2c00000| Untracked 
|  45|0x00000000c2d00000, 0x00000000c2e00000, 0x00000000c2e00000|100%| S|CS|TAMS 0x00000000c2d00000| PB 0x00000000c2d00000| Complete 
|  46|0x00000000c2e00000, 0x00000000c2f00000, 0x00000000c2f00000|100%| S|CS|TAMS 0x00000000c2e00000| PB 0x00000000c2e00000| Complete 
|  47|0x00000000c2f00000, 0x00000000c3000000, 0x00000000c3000000|100%| S|CS|TAMS 0x00000000c2f00000| PB 0x00000000c2f00000| Complete 
|  48|0x00000000c3000000, 0x00000000c3100000, 0x00000000c3100000|100%| S|CS|TAMS 0x00000000c3000000| PB 0x00000000c3000000| Complete 
|  49|0x00000000c3100000, 0x00000000c3200000, 0x00000000c3200000|100%| S|CS|TAMS 0x00000000c3100000| PB 0x00000000c3100000| Complete 
|  50|0x00000000c3200000, 0x00000000c3200000, 0x00000000c3300000|  0%| F|  |TAMS 0x00000000c3200000| PB 0x00000000c3200000| Untracked 
|  51|0x00000000c3300000, 0x00000000c3300000, 0x00000000c3400000|  0%| F|  |TAMS 0x00000000c3300000| PB 0x00000000c3300000| Untracked 
|  52|0x00000000c3400000, 0x00000000c3400000, 0x00000000c3500000|  0%| F|  |TAMS 0x00000000c3400000| PB 0x00000000c3400000| Untracked 
|  53|0x00000000c3500000, 0x00000000c3500000, 0x00000000c3600000|  0%| F|  |TAMS 0x00000000c3500000| PB 0x00000000c3500000| Untracked 
|  54|0x00000000c3600000, 0x00000000c3600000, 0x00000000c3700000|  0%| F|  |TAMS 0x00000000c3600000| PB 0x00000000c3600000| Untracked 
|  55|0x00000000c3700000, 0x00000000c3700000, 0x00000000c3800000|  0%| F|  |TAMS 0x00000000c3700000| PB 0x00000000c3700000| Untracked 
|  56|0x00000000c3800000, 0x00000000c3800000, 0x00000000c3900000|  0%| F|  |TAMS 0x00000000c3800000| PB 0x00000000c3800000| Untracked 
|  57|0x00000000c3900000, 0x00000000c3900000, 0x00000000c3a00000|  0%| F|  |TAMS 0x00000000c3900000| PB 0x00000000c3900000| Untracked 
|  58|0x00000000c3a00000, 0x00000000c3a00000, 0x00000000c3b00000|  0%| F|  |TAMS 0x00000000c3a00000| PB 0x00000000c3a00000| Untracked 
|  59|0x00000000c3b00000, 0x00000000c3b00000, 0x00000000c3c00000|  0%| F|  |TAMS 0x00000000c3b00000| PB 0x00000000c3b00000| Untracked 
|  60|0x00000000c3c00000, 0x00000000c3c00000, 0x00000000c3d00000|  0%| F|  |TAMS 0x00000000c3c00000| PB 0x00000000c3c00000| Untracked 
|  61|0x00000000c3d00000, 0x00000000c3d00000, 0x00000000c3e00000|  0%| F|  |TAMS 0x00000000c3d00000| PB 0x00000000c3d00000| Untracked 
|  62|0x00000000c3e00000, 0x00000000c3e00000, 0x00000000c3f00000|  0%| F|  |TAMS 0x00000000c3e00000| PB 0x00000000c3e00000| Untracked 
|  63|0x00000000c3f00000, 0x00000000c3f00000, 0x00000000c4000000|  0%| F|  |TAMS 0x00000000c3f00000| PB 0x00000000c3f00000| Untracked 
| 180|0x00000000cb400000, 0x00000000cb400000, 0x00000000cb500000|  0%| F|  |TAMS 0x00000000cb400000| PB 0x00000000cb400000| Untracked 
| 181|0x00000000cb500000, 0x00000000cb500000, 0x00000000cb600000|  0%| F|  |TAMS 0x00000000cb500000| PB 0x00000000cb500000| Untracked 
| 182|0x00000000cb600000, 0x00000000cb680800, 0x00000000cb700000| 50%| E|  |TAMS 0x00000000cb600000| PB 0x00000000cb600000| Complete 
| 183|0x00000000cb700000, 0x00000000cb800000, 0x00000000cb800000|100%| E|CS|TAMS 0x00000000cb700000| PB 0x00000000cb700000| Complete 
| 184|0x00000000cb800000, 0x00000000cb900000, 0x00000000cb900000|100%| E|CS|TAMS 0x00000000cb800000| PB 0x00000000cb800000| Complete 
| 185|0x00000000cb900000, 0x00000000cba00000, 0x00000000cba00000|100%| E|CS|TAMS 0x00000000cb900000| PB 0x00000000cb900000| Complete 
| 186|0x00000000cba00000, 0x00000000cbb00000, 0x00000000cbb00000|100%| E|CS|TAMS 0x00000000cba00000| PB 0x00000000cba00000| Complete 
| 187|0x00000000cbb00000, 0x00000000cbc00000, 0x00000000cbc00000|100%| E|CS|TAMS 0x00000000cbb00000| PB 0x00000000cbb00000| Complete 
| 188|0x00000000cbc00000, 0x00000000cbd00000, 0x00000000cbd00000|100%| E|CS|TAMS 0x00000000cbc00000| PB 0x00000000cbc00000| Complete 
| 251|0x00000000cfb00000, 0x00000000cfc00000, 0x00000000cfc00000|100%| E|CS|TAMS 0x00000000cfb00000| PB 0x00000000cfb00000| Complete 

Card table byte_map: [0x00000227f2e90000,0x00000227f3090000] _byte_map_base: 0x00000227f2890000

Marking Bits: (CMBitMap*) 0x00000227de533a00
 Bits: [0x00000227f3090000, 0x00000227f4090000)

Polling page: 0x00000227ddef0000

Metaspace:

Usage:
  Non-class:     30.40 MB used.
      Class:      4.80 MB used.
       Both:     35.20 MB used.

Virtual space:
  Non-class space:       64.00 MB reserved,      30.81 MB ( 48%) committed,  1 nodes.
      Class space:      416.00 MB reserved,       5.19 MB (  1%) committed,  1 nodes.
             Both:      480.00 MB reserved,      36.00 MB (  8%) committed. 

Chunk freelists:
   Non-Class:  272.00 KB
       Class:  10.76 MB
        Both:  11.03 MB

MaxMetaspaceSize: 512.00 MB
CompressedClassSpaceSize: 416.00 MB
Initial GC threshold: 21.00 MB
Current GC threshold: 58.75 MB
CDS: off
 - commit_granule_bytes: 65536.
 - commit_granule_words: 8192.
 - virtual_space_node_default_size: 8388608.
 - enlarge_chunks_in_place: 1.
 - use_allocation_guard: 0.


Internal statistics:

num_allocs_failed_limit: 6.
num_arena_births: 1436.
num_arena_deaths: 0.
num_vsnodes_births: 2.
num_vsnodes_deaths: 0.
num_space_committed: 576.
num_space_uncommitted: 0.
num_chunks_returned_to_freelist: 6.
num_chunks_taken_from_freelist: 2658.
num_chunk_merges: 6.
num_chunk_splits: 1670.
num_chunks_enlarged: 1017.
num_inconsistent_stats: 0.

CodeHeap 'non-profiled nmethods': size=120000Kb used=1782Kb max_used=1992Kb free=118217Kb
 bounds [0x00000227eacf0000, 0x00000227eaf60000, 0x00000227f2220000]
CodeHeap 'profiled nmethods': size=120000Kb used=6253Kb max_used=6964Kb free=113746Kb
 bounds [0x00000227e3220000, 0x00000227e38f0000, 0x00000227ea750000]
CodeHeap 'non-nmethods': size=5760Kb used=1657Kb max_used=1722Kb free=4102Kb
 bounds [0x00000227ea750000, 0x00000227ea9c0000, 0x00000227eacf0000]
 total_blobs=3783 nmethods=3198 adapters=488
 compilation: enabled
              stopped_count=0, restarted_count=0
 full_count=0

Compilation events (20 events):
Event: 8.601 Thread 0x00000227fb0e3b00 3561   !   4       java.net.URL::<init> (543 bytes)
Event: 8.607 Thread 0x00000227fb0eee70 3562   !   3       org.gradle.internal.classloader.FilteringClassLoader::loadClass (62 bytes)
Event: 8.608 Thread 0x00000227fb0eee70 nmethod 3562 0x00000227e3234810 code [0x00000227e3234ac0, 0x00000227e3235640]
Event: 8.608 Thread 0x00000227fb0eee70 3563       1       java.util.logging.LogManager$LoggerContext::getOwner (5 bytes)
Event: 8.608 Thread 0x00000227fb0eee70 nmethod 3563 0x00000227eada3090 code [0x00000227eada3220, 0x00000227eada32e8]
Event: 8.612 Thread 0x00000227fb0eee70 3564   !   3       java.util.concurrent.locks.AbstractQueuedSynchronizer$ConditionObject::newConditionNode (78 bytes)
Event: 8.613 Thread 0x00000227fb0eee70 nmethod 3564 0x00000227e3347d10 code [0x00000227e3347f80, 0x00000227e3348758]
Event: 8.613 Thread 0x00000227fb0eee70 3565       3       java.util.concurrent.locks.AbstractQueuedSynchronizer$ConditionNode::<init> (5 bytes)
Event: 8.613 Thread 0x00000227fb0eee70 nmethod 3565 0x00000227e3417410 code [0x00000227e34175c0, 0x00000227e3417788]
Event: 8.617 Thread 0x00000227fb0eee70 3566 %     3       io.opentelemetry.api.internal.OtelEncodingUtils::buildValidHexArray @ 7 (53 bytes)
Event: 8.617 Thread 0x00000227fb0eee70 nmethod 3566% 0x00000227e322ab10 code [0x00000227e322ace0, 0x00000227e322b0d0]
Event: 8.617 Thread 0x00000227fb0eee70 3567       3       io.opentelemetry.api.trace.ImmutableTraceFlags::<init> (32 bytes)
Event: 8.617 Thread 0x00000227fb0eee70 nmethod 3567 0x00000227e326cf90 code [0x00000227e326d160, 0x00000227e326d4a8]
Event: 8.617 Thread 0x00000227fb0eee70 3568       3       io.opentelemetry.api.internal.OtelEncodingUtils::byteToBase16 (29 bytes)
Event: 8.618 Thread 0x00000227fb0eee70 nmethod 3568 0x00000227e34f2910 code [0x00000227e34f2ac0, 0x00000227e34f2c40]
Event: 8.629 Thread 0x00000227fb0eee70 3570       3       java.lang.invoke.MethodHandle::isSafeToCache (14 bytes)
Event: 8.630 Thread 0x00000227fb0eee70 nmethod 3570 0x00000227e368ff90 code [0x00000227e3690140, 0x00000227e36902b8]
Event: 8.631 Thread 0x00000227fb0eee70 3571       3       org.gradle.internal.service.DefaultServiceRegistry$FactoryMethodService::getParameterTypes (10 bytes)
Event: 8.632 Thread 0x00000227fb0eee70 nmethod 3571 0x00000227e3339b90 code [0x00000227e3339d40, 0x00000227e3339f18]
Event: 8.642 Thread 0x00000227fb0eee70 3573   !   3       org.gradle.internal.service.DefaultServiceRegistry$FactoryMethodService::invokeMethod (151 bytes)

GC Heap History (12 events):
Event: 1.354 GC heap before
{Heap before GC invocations=0 (full 0):
 garbage-first heap   total 258048K, used 26624K [0x00000000c0000000, 0x0000000100000000)
  region size 1024K, 23 young (23552K), 0 survivors (0K)
 Metaspace       used 8138K, committed 8320K, reserved 491520K
  class space    used 738K, committed 832K, reserved 425984K
}
Event: 1.364 GC heap after
{Heap after GC invocations=1 (full 0):
 garbage-first heap   total 258048K, used 10607K [0x00000000c0000000, 0x0000000100000000)
  region size 1024K, 3 young (3072K), 3 survivors (3072K)
 Metaspace       used 8138K, committed 8320K, reserved 491520K
  class space    used 738K, committed 832K, reserved 425984K
}
Event: 2.596 GC heap before
{Heap before GC invocations=1 (full 0):
 garbage-first heap   total 258048K, used 40303K [0x00000000c0000000, 0x0000000100000000)
  region size 1024K, 33 young (33792K), 3 survivors (3072K)
 Metaspace       used 12037K, committed 12288K, reserved 491520K
  class space    used 1277K, committed 1408K, reserved 425984K
}
Event: 2.601 GC heap after
{Heap after GC invocations=2 (full 0):
 garbage-first heap   total 258048K, used 11913K [0x00000000c0000000, 0x0000000100000000)
  region size 1024K, 2 young (2048K), 2 survivors (2048K)
 Metaspace       used 12037K, committed 12288K, reserved 491520K
  class space    used 1277K, committed 1408K, reserved 425984K
}
Event: 5.609 GC heap before
{Heap before GC invocations=2 (full 0):
 garbage-first heap   total 258048K, used 74377K [0x00000000c0000000, 0x0000000100000000)
  region size 1024K, 63 young (64512K), 2 survivors (2048K)
 Metaspace       used 21163K, committed 21504K, reserved 491520K
  class space    used 2438K, committed 2624K, reserved 425984K
}
Event: 5.616 GC heap after
{Heap after GC invocations=3 (full 0):
 garbage-first heap   total 258048K, used 20651K [0x00000000c0000000, 0x0000000100000000)
  region size 1024K, 9 young (9216K), 9 survivors (9216K)
 Metaspace       used 21163K, committed 21504K, reserved 491520K
  class space    used 2438K, committed 2624K, reserved 425984K
}
Event: 6.480 GC heap before
{Heap before GC invocations=4 (full 0):
 garbage-first heap   total 75776K, used 55467K [0x00000000c0000000, 0x0000000100000000)
  region size 1024K, 44 young (45056K), 9 survivors (9216K)
 Metaspace       used 27538K, committed 28160K, reserved 491520K
  class space    used 3429K, committed 3712K, reserved 425984K
}
Event: 6.486 GC heap after
{Heap after GC invocations=5 (full 0):
 garbage-first heap   total 75776K, used 22791K [0x00000000c0000000, 0x0000000100000000)
  region size 1024K, 2 young (2048K), 2 survivors (2048K)
 Metaspace       used 27538K, committed 28160K, reserved 491520K
  class space    used 3429K, committed 3712K, reserved 425984K
}
Event: 7.620 GC heap before
{Heap before GC invocations=5 (full 0):
 garbage-first heap   total 75776K, used 57607K [0x00000000c0000000, 0x0000000100000000)
  region size 1024K, 37 young (37888K), 2 survivors (2048K)
 Metaspace       used 32301K, committed 33024K, reserved 491520K
  class space    used 4244K, committed 4608K, reserved 425984K
}
Event: 7.626 GC heap after
{Heap after GC invocations=6 (full 0):
 garbage-first heap   total 75776K, used 26035K [0x00000000c0000000, 0x0000000100000000)
  region size 1024K, 5 young (5120K), 5 survivors (5120K)
 Metaspace       used 32301K, committed 33024K, reserved 491520K
  class space    used 4244K, committed 4608K, reserved 425984K
}
Event: 8.371 GC heap before
{Heap before GC invocations=6 (full 0):
 garbage-first heap   total 75776K, used 59827K [0x00000000c0000000, 0x0000000100000000)
  region size 1024K, 29 young (29696K), 5 survivors (5120K)
 Metaspace       used 35188K, committed 35968K, reserved 491520K
  class space    used 4748K, committed 5120K, reserved 425984K
}
Event: 8.376 GC heap after
{Heap after GC invocations=7 (full 0):
 garbage-first heap   total 75776K, used 42338K [0x00000000c0000000, 0x0000000100000000)
  region size 1024K, 5 young (5120K), 5 survivors (5120K)
 Metaspace       used 35188K, committed 35968K, reserved 491520K
  class space    used 4748K, committed 5120K, reserved 425984K
}

Dll operation events (3 events):
Event: 0.025 Loaded shared library C:\Program Files\Android\Android Studio\jbr\bin\java.dll
Event: 0.038 Loaded shared library C:\Program Files\Android\Android Studio\jbr\bin\zip.dll
Event: 1.328 Loaded shared library C:\Program Files\Android\Android Studio\jbr\bin\verify.dll

Deoptimization events (20 events):
Event: 8.144 Thread 0x00000227fce6dce0 Uncommon trap: trap_request=0xffffff45 fr.pc=0x00000227eae93cdc relative=0x0000000000005e9c
Event: 8.144 Thread 0x00000227fce6dce0 Uncommon trap: reason=unstable_if action=reinterpret pc=0x00000227eae93cdc method=java.util.zip.ZipFile.getInputStream(Ljava/util/zip/ZipEntry;)Ljava/io/InputStream; @ 101 c2
Event: 8.144 Thread 0x00000227fce6dce0 DEOPT PACKING pc=0x00000227eae93cdc sp=0x0000008c0b1f7e00
Event: 8.144 Thread 0x00000227fce6dce0 DEOPT UNPACKING pc=0x00000227ea7a7da2 sp=0x0000008c0b1f7b48 mode 2
Event: 8.199 Thread 0x00000227fce6dce0 DEOPT PACKING pc=0x00000227e373be36 sp=0x0000008c0b1f7230
Event: 8.199 Thread 0x00000227fce6dce0 DEOPT UNPACKING pc=0x00000227ea7a88e2 sp=0x0000008c0b1f6778 mode 0
Event: 8.208 Thread 0x00000227fce6dce0 Uncommon trap: trap_request=0xffffff45 fr.pc=0x00000227eada82b0 relative=0x00000000000014b0
Event: 8.208 Thread 0x00000227fce6dce0 Uncommon trap: reason=unstable_if action=reinterpret pc=0x00000227eada82b0 method=java.util.jar.JarFile.getVersionedEntry(Ljava/lang/String;Ljava/util/jar/JarEntry;)Ljava/util/jar/JarEntry; @ 31 c2
Event: 8.208 Thread 0x00000227fce6dce0 DEOPT PACKING pc=0x00000227eada82b0 sp=0x0000008c0b1f7b80
Event: 8.208 Thread 0x00000227fce6dce0 DEOPT UNPACKING pc=0x00000227ea7a7da2 sp=0x0000008c0b1f7b78 mode 2
Event: 8.304 Thread 0x00000227fce6dce0 DEOPT PACKING pc=0x00000227e34ce841 sp=0x0000008c0b1f9a80
Event: 8.304 Thread 0x00000227fce6dce0 DEOPT UNPACKING pc=0x00000227ea7a88e2 sp=0x0000008c0b1f8ff0 mode 0
Event: 8.425 Thread 0x00000227fce6dce0 DEOPT PACKING pc=0x00000227e34ce841 sp=0x0000008c0b1f9a80
Event: 8.425 Thread 0x00000227fce6dce0 DEOPT UNPACKING pc=0x00000227ea7a88e2 sp=0x0000008c0b1f8ff0 mode 0
Event: 8.465 Thread 0x00000227fce6dce0 DEOPT PACKING pc=0x00000227e38d71b3 sp=0x0000008c0b1faeb0
Event: 8.465 Thread 0x00000227fce6dce0 DEOPT UNPACKING pc=0x00000227ea7a88e2 sp=0x0000008c0b1fa388 mode 0
Event: 8.477 Thread 0x00000227fce6dce0 DEOPT PACKING pc=0x00000227e3605413 sp=0x0000008c0b1fae30
Event: 8.477 Thread 0x00000227fce6dce0 DEOPT UNPACKING pc=0x00000227ea7a88e2 sp=0x0000008c0b1fa2c8 mode 0
Event: 8.480 Thread 0x00000227fce6dce0 DEOPT PACKING pc=0x00000227e38263f3 sp=0x0000008c0b1fb220
Event: 8.480 Thread 0x00000227fce6dce0 DEOPT UNPACKING pc=0x00000227ea7a88e2 sp=0x0000008c0b1fa6d0 mode 0

Classes loaded (20 events):
Event: 8.082 Loading class sun/nio/fs/WindowsPath$1
Event: 8.082 Loading class sun/nio/fs/WindowsPath$1 done
Event: 8.558 Loading class java/util/concurrent/locks/ReentrantReadWriteLock
Event: 8.558 Loading class java/util/concurrent/locks/ReadWriteLock
Event: 8.558 Loading class java/util/concurrent/locks/ReadWriteLock done
Event: 8.559 Loading class java/util/concurrent/locks/ReentrantReadWriteLock done
Event: 8.559 Loading class java/util/concurrent/locks/ReentrantReadWriteLock$NonfairSync
Event: 8.559 Loading class java/util/concurrent/locks/ReentrantReadWriteLock$Sync
Event: 8.559 Loading class java/util/concurrent/locks/ReentrantReadWriteLock$Sync done
Event: 8.559 Loading class java/util/concurrent/locks/ReentrantReadWriteLock$NonfairSync done
Event: 8.559 Loading class java/util/concurrent/locks/ReentrantReadWriteLock$Sync$ThreadLocalHoldCounter
Event: 8.559 Loading class java/util/concurrent/locks/ReentrantReadWriteLock$Sync$ThreadLocalHoldCounter done
Event: 8.559 Loading class java/util/concurrent/locks/ReentrantReadWriteLock$ReadLock
Event: 8.559 Loading class java/util/concurrent/locks/ReentrantReadWriteLock$ReadLock done
Event: 8.559 Loading class java/util/concurrent/locks/ReentrantReadWriteLock$WriteLock
Event: 8.560 Loading class java/util/concurrent/locks/ReentrantReadWriteLock$WriteLock done
Event: 8.590 Loading class java/util/concurrent/Executors$AutoShutdownDelegatedExecutorService
Event: 8.591 Loading class java/util/concurrent/Executors$DelegatedExecutorService
Event: 8.591 Loading class java/util/concurrent/Executors$DelegatedExecutorService done
Event: 8.591 Loading class java/util/concurrent/Executors$AutoShutdownDelegatedExecutorService done

Classes unloaded (0 events):
No events

Classes redefined (0 events):
No events

Internal exceptions (20 events):
Event: 8.475 Thread 0x00000227fce6dce0 Exception <a 'java/lang/NoSuchMethodError'{0x00000000cbc7c730}: static Lorg/jetbrains/plugins/gradle/model/IntelliJSettings;.<clinit>()V> (0x00000000cbc7c730) 
thrown [s\src\hotspot\share\prims\jni.cpp, line 1126]
Event: 8.477 Thread 0x00000227fce6dce0 Exception <a 'java/lang/NoSuchMethodError'{0x00000000cbc8cfa8}: static Lorg/jetbrains/plugins/gradle/model/DependencyAccessorsModel;.<clinit>()V> (0x00000000cbc8cfa8) 
thrown [s\src\hotspot\share\prims\jni.cpp, line 1126]
Event: 8.483 Thread 0x00000227fce6dce0 Exception <a 'java/lang/NoSuchMethodError'{0x00000000cbcbb2b0}: static Lcom/intellij/gradle/toolingExtension/impl/model/buildScriptClasspathModel/GradleBuildScriptClasspathModelProvider;.<clinit>()V> (0x00000000cbcbb2b0) 
thrown [s\src\hotspot\share\prims\jni.cpp, line 1126]
Event: 8.491 Thread 0x00000227fce6dce0 Exception <a 'java/lang/NoSuchMethodError'{0x00000000cbcd23a8}: static Lcom/intellij/gradle/toolingExtension/impl/model/taskModel/GradleTaskModelProvider;.<clinit>()V> (0x00000000cbcd23a8) 
thrown [s\src\hotspot\share\prims\jni.cpp, line 1126]
Event: 8.494 Thread 0x00000227fce6dce0 Exception <a 'java/lang/NoSuchMethodError'{0x00000000cbce9fe0}: static Lcom/intellij/gradle/toolingExtension/impl/model/sourceSetModel/GradleSourceSetModelProvider;.<clinit>()V> (0x00000000cbce9fe0) 
thrown [s\src\hotspot\share\prims\jni.cpp, line 1126]
Event: 8.498 Thread 0x00000227fce6dce0 Exception <a 'java/lang/NoSuchMethodError'{0x00000000cbb03148}: static Lcom/intellij/gradle/toolingExtension/impl/model/sourceSetDependencyModel/GradleSourceSetDependencyModelProvider;.<clinit>()V> (0x00000000cbb03148) 
thrown [s\src\hotspot\share\prims\jni.cpp, line 1126]
Event: 8.503 Thread 0x00000227fce6dce0 Exception <a 'java/lang/NoSuchMethodError'{0x00000000cbb2b508}: static Lorg/jetbrains/plugins/gradle/model/ExternalProjectDependency;.<clinit>()V> (0x00000000cbb2b508) 
thrown [s\src\hotspot\share\prims\jni.cpp, line 1126]
Event: 8.505 Thread 0x00000227fce6dce0 Exception <a 'java/lang/NoSuchMethodError'{0x00000000cbb3b548}: static Lorg/jetbrains/plugins/gradle/model/ExternalLibraryDependency;.<clinit>()V> (0x00000000cbb3b548) 
thrown [s\src\hotspot\share\prims\jni.cpp, line 1126]
Event: 8.506 Thread 0x00000227fce6dce0 Exception <a 'java/lang/NoSuchMethodError'{0x00000000cbb4af50}: static Lorg/jetbrains/plugins/gradle/model/FileCollectionDependency;.<clinit>()V> (0x00000000cbb4af50) 
thrown [s\src\hotspot\share\prims\jni.cpp, line 1126]
Event: 8.507 Thread 0x00000227fce6dce0 Exception <a 'java/lang/NoSuchMethodError'{0x00000000cbb5a760}: static Lorg/jetbrains/plugins/gradle/model/UnresolvedExternalDependency;.<clinit>()V> (0x00000000cbb5a760) 
thrown [s\src\hotspot\share\prims\jni.cpp, line 1126]
Event: 8.529 Thread 0x00000227fce6dce0 Exception <a 'java/lang/NoSuchMethodError'{0x00000000cba1bd28}: static Lorg/gradle/tooling/internal/consumer/versioning/VersionDetails;.<clinit>()V> (0x00000000cba1bd28) 
thrown [s\src\hotspot\share\prims\jni.cpp, line 1126]
Event: 8.530 Thread 0x00000227fce6dce0 Exception <a 'java/lang/NoSuchMethodError'{0x00000000cba1e998}: static Lorg/gradle/tooling/internal/consumer/versioning/VersionDetails$R26VersionDetails;.<clinit>()V> (0x00000000cba1e998) 
thrown [s\src\hotspot\share\prims\jni.cpp, line 1126]
Event: 8.530 Thread 0x00000227fce6dce0 Exception <a 'java/lang/NoSuchMethodError'{0x00000000cba20030}: static Lorg/gradle/tooling/internal/consumer/versioning/VersionDetails$R28VersionDetails;.<clinit>()V> (0x00000000cba20030) 
thrown [s\src\hotspot\share\prims\jni.cpp, line 1126]
Event: 8.530 Thread 0x00000227fce6dce0 Exception <a 'java/lang/NoSuchMethodError'{0x00000000cba215d8}: static Lorg/gradle/tooling/internal/consumer/versioning/VersionDetails$R35VersionDetails;.<clinit>()V> (0x00000000cba215d8) 
thrown [s\src\hotspot\share\prims\jni.cpp, line 1126]
Event: 8.530 Thread 0x00000227fce6dce0 Exception <a 'java/lang/NoSuchMethodError'{0x00000000cba22d48}: static Lorg/gradle/tooling/internal/consumer/versioning/VersionDetails$R44VersionDetails;.<clinit>()V> (0x00000000cba22d48) 
thrown [s\src\hotspot\share\prims\jni.cpp, line 1126]
Event: 8.530 Thread 0x00000227fce6dce0 Exception <a 'java/lang/NoSuchMethodError'{0x00000000cba243f0}: static Lorg/gradle/tooling/internal/consumer/versioning/VersionDetails$R48VersionDetails;.<clinit>()V> (0x00000000cba243f0) 
thrown [s\src\hotspot\share\prims\jni.cpp, line 1126]
Event: 8.531 Thread 0x00000227fce6dce0 Exception <a 'java/lang/NoSuchMethodError'{0x00000000cba25688}: static Lorg/gradle/tooling/internal/consumer/versioning/VersionDetails$R51VersionDetails;.<clinit>()V> (0x00000000cba25688) 
thrown [s\src\hotspot\share\prims\jni.cpp, line 1126]
Event: 8.539 Thread 0x00000227fce6dce0 Exception <a 'java/lang/NoSuchMethodError'{0x00000000cba48a68}: 'java.lang.Object java.lang.invoke.DirectMethodHandle$Holder.newInvokeSpecial(java.lang.Object, java.lang.Object, java.lang.Object, int)'> (0x00000000cba48a68) 
thrown [s\src\hotspot\share\interpreter\linkResolver.cpp, line 784]
Event: 8.540 Thread 0x00000227fce6dce0 Exception <a 'java/lang/NoSuchMethodError'{0x00000000cba4ce70}: 'java.lang.Object java.lang.invoke.DirectMethodHandle$Holder.invokeSpecial(java.lang.Object, java.lang.Object, java.lang.Object, java.lang.Object, int)'> (0x00000000cba4ce70) 
thrown [s\src\hotspot\share\interpreter\linkResolver.cpp, line 784]
Event: 8.541 Thread 0x00000227fce6dce0 Exception <a 'java/lang/NoSuchMethodError'{0x00000000cba50a68}: 'java.lang.Object java.lang.invoke.Invokers$Holder.linkToTargetMethod(java.lang.Object, java.lang.Object, int, java.lang.Object)'> (0x00000000cba50a68) 
thrown [s\src\hotspot\share\interpreter\linkResolver.cpp, line 784]

ZGC Phase Switch (0 events):
No events

VM Operations (20 events):
Event: 6.318 Executing VM operation: ICBufferFull done
Event: 6.423 Executing VM operation: HandshakeAllThreads (Deoptimize)
Event: 6.423 Executing VM operation: HandshakeAllThreads (Deoptimize) done
Event: 6.424 Executing VM operation: HandshakeAllThreads (Deoptimize)
Event: 6.424 Executing VM operation: HandshakeAllThreads (Deoptimize) done
Event: 6.480 Executing VM operation: G1CollectForAllocation (G1 Evacuation Pause)
Event: 6.486 Executing VM operation: G1CollectForAllocation (G1 Evacuation Pause) done
Event: 7.491 Executing VM operation: Cleanup
Event: 7.491 Executing VM operation: Cleanup done
Event: 7.620 Executing VM operation: G1CollectForAllocation (G1 Evacuation Pause)
Event: 7.626 Executing VM operation: G1CollectForAllocation (G1 Evacuation Pause) done
Event: 7.966 Executing VM operation: HandshakeAllThreads (Deoptimize)
Event: 7.966 Executing VM operation: HandshakeAllThreads (Deoptimize) done
Event: 8.370 Executing VM operation: CollectForMetadataAllocation (Metadata GC Threshold)
Event: 8.377 Executing VM operation: CollectForMetadataAllocation (Metadata GC Threshold) done
Event: 8.393 Executing VM operation: G1PauseRemark
Event: 8.397 Executing VM operation: G1PauseRemark done
Event: 8.404 Executing VM operation: G1PauseCleanup
Event: 8.405 Executing VM operation: G1PauseCleanup done
Event: 9.408 Executing VM operation: Cleanup

Events (20 events):
Event: 8.396 Thread 0x00000227f6ae9980 flushing nmethod 0x00000227ead1bb10
Event: 8.396 Thread 0x00000227f6ae9980 flushing nmethod 0x00000227ead2f110
Event: 8.396 Thread 0x00000227f6ae9980 flushing nmethod 0x00000227ead0cf10
Event: 8.396 Thread 0x00000227f6ae9980 flushing nmethod 0x00000227ead2cf90
Event: 8.396 Thread 0x00000227f6ae9980 flushing nmethod 0x00000227ead30810
Event: 8.396 Thread 0x00000227f6ae9980 flushing nmethod 0x00000227ead2a890
Event: 8.396 Thread 0x00000227f6ae9980 flushing nmethod 0x00000227eacfd210
Event: 8.396 Thread 0x00000227f6ae9980 flushing nmethod 0x00000227eacfbc90
Event: 8.396 Thread 0x00000227f6ae9980 flushing nmethod 0x00000227ead19b90
Event: 8.396 Thread 0x00000227f6ae9980 flushing nmethod 0x00000227ead19190
Event: 8.396 Thread 0x00000227f6ae9980 flushing nmethod 0x00000227ead20310
Event: 8.396 Thread 0x00000227f6ae9980 flushing nmethod 0x00000227ead17090
Event: 8.396 Thread 0x00000227f6ae9980 flushing nmethod 0x00000227ead0ea90
Event: 8.396 Thread 0x00000227f6ae9980 flushing nmethod 0x00000227ead0e590
Event: 8.396 Thread 0x00000227f6ae9980 flushing nmethod 0x00000227ead15d10
Event: 8.396 Thread 0x00000227f6ae9980 flushing nmethod 0x00000227ead0dd90
Event: 8.396 Thread 0x00000227f6ae9980 flushing nmethod 0x00000227ead0a210
Event: 8.396 Thread 0x00000227f6ae9980 flushing nmethod 0x00000227ead04710
Event: 8.396 Thread 0x00000227f6ae9980 flushing nmethod 0x00000227eacf8190
Event: 8.396 Thread 0x00000227f6ae9980 flushing nmethod 0x00000227eacf7e90


Dynamic libraries:
0x00007ff7e9620000 - 0x00007ff7e962a000 	C:\Program Files\Android\Android Studio\jbr\bin\java.exe
0x00007ff8e8800000 - 0x00007ff8e8a67000 	C:\WINDOWS\SYSTEM32\ntdll.dll
0x00007ff8e7e60000 - 0x00007ff8e7f29000 	C:\WINDOWS\System32\KERNEL32.DLL
0x00007ff8e5d70000 - 0x00007ff8e6167000 	C:\WINDOWS\System32\KERNELBASE.dll
0x00007ff89bd70000 - 0x00007ff89be4b000 	C:\Program Files\Bitdefender\Bitdefender Security\bdhkm\dlls_268351235206952720\bdhkm64.dll
0x00007ff89bb90000 - 0x00007ff89bd6c000 	C:\Program Files\Bitdefender\Bitdefender Security\atcuf\dlls_268351235146064090\atcuf64.dll
0x00007ff8e5aa0000 - 0x00007ff8e5beb000 	C:\WINDOWS\System32\ucrtbase.dll
0x00007ff8c2dd0000 - 0x00007ff8c2de8000 	C:\Program Files\Android\Android Studio\jbr\bin\jli.dll
0x00007ff8e7610000 - 0x00007ff8e77d6000 	C:\WINDOWS\System32\USER32.dll
0x00007ff8e5c80000 - 0x00007ff8e5ca7000 	C:\WINDOWS\System32\win32u.dll
0x00007ff8e6720000 - 0x00007ff8e674b000 	C:\WINDOWS\System32\GDI32.dll
0x00007ff8e63a0000 - 0x00007ff8e64cc000 	C:\WINDOWS\System32\gdi32full.dll
0x00007ff8e6170000 - 0x00007ff8e6213000 	C:\WINDOWS\System32\msvcp_win.dll
0x00007ff8d1f60000 - 0x00007ff8d1f7b000 	C:\Program Files\Android\Android Studio\jbr\bin\VCRUNTIME140.dll
0x00007ff8c1210000 - 0x00007ff8c14a2000 	C:\WINDOWS\WinSxS\amd64_microsoft.windows.common-controls_6595b64144ccf1df_6.0.26100.8457_none_3e0b2faee331e92d\COMCTL32.dll
0x00007ff8e8710000 - 0x00007ff8e87b9000 	C:\WINDOWS\System32\msvcrt.dll
0x00007ff8e75d0000 - 0x00007ff8e7602000 	C:\WINDOWS\System32\IMM32.DLL
0x00007ff8d1f50000 - 0x00007ff8d1f5c000 	C:\Program Files\Android\Android Studio\jbr\bin\vcruntime140_1.dll
0x00007ff8c2d40000 - 0x00007ff8c2dcd000 	C:\Program Files\Android\Android Studio\jbr\bin\msvcp140.dll
0x00007ff84a980000 - 0x00007ff84b5fd000 	C:\Program Files\Android\Android Studio\jbr\bin\server\jvm.dll
0x00007ff8e8370000 - 0x00007ff8e8426000 	C:\WINDOWS\System32\ADVAPI32.dll
0x00007ff8e82c0000 - 0x00007ff8e8367000 	C:\WINDOWS\System32\sechost.dll
0x00007ff8e7ab0000 - 0x00007ff8e7bc8000 	C:\WINDOWS\System32\RPCRT4.dll
0x00007ff8e8590000 - 0x00007ff8e8610000 	C:\WINDOWS\System32\WS2_32.dll
0x00007ff8e5090000 - 0x00007ff8e50ee000 	C:\WINDOWS\SYSTEM32\POWRPROF.dll
0x00007ff8da9c0000 - 0x00007ff8da9f6000 	C:\WINDOWS\SYSTEM32\WINMM.dll
0x00007ff8da750000 - 0x00007ff8da75b000 	C:\WINDOWS\SYSTEM32\VERSION.dll
0x00007ff8e5070000 - 0x00007ff8e5084000 	C:\WINDOWS\SYSTEM32\UMPDC.dll
0x00007ff8e3f80000 - 0x00007ff8e3f9b000 	C:\WINDOWS\SYSTEM32\kernel.appcore.dll
0x00007ff8cf890000 - 0x00007ff8cf89a000 	C:\Program Files\Android\Android Studio\jbr\bin\jimage.dll
0x00007ff8e32f0000 - 0x00007ff8e3532000 	C:\WINDOWS\SYSTEM32\DBGHELP.DLL
0x00007ff8e7f30000 - 0x00007ff8e82b3000 	C:\WINDOWS\System32\combase.dll
0x00007ff8e77e0000 - 0x00007ff8e78b9000 	C:\WINDOWS\System32\OLEAUT32.dll
0x00007ff8a7e70000 - 0x00007ff8a7eab000 	C:\WINDOWS\SYSTEM32\dbgcore.DLL
0x00007ff8e64d0000 - 0x00007ff8e6578000 	C:\WINDOWS\System32\bcryptPrimitives.dll
0x00007ff8c2d30000 - 0x00007ff8c2d3e000 	C:\Program Files\Android\Android Studio\jbr\bin\instrument.dll
0x00007ff8cf870000 - 0x00007ff8cf88f000 	C:\Program Files\Android\Android Studio\jbr\bin\java.dll
0x00007ff8cbd70000 - 0x00007ff8cbd88000 	C:\Program Files\Android\Android Studio\jbr\bin\zip.dll
0x00007ff8e67c0000 - 0x00007ff8e6f2e000 	C:\WINDOWS\System32\SHELL32.dll
0x00007ff8e5230000 - 0x00007ff8e5a9c000 	C:\WINDOWS\System32\windows.storage.dll
0x00007ff8e78c0000 - 0x00007ff8e79b6000 	C:\WINDOWS\System32\SHCORE.dll
0x00007ff8e6750000 - 0x00007ff8e67b6000 	C:\WINDOWS\System32\shlwapi.dll
0x00007ff8e5150000 - 0x00007ff8e5179000 	C:\WINDOWS\SYSTEM32\profapi.dll
0x00007ff8c9fd0000 - 0x00007ff8c9fe0000 	C:\Program Files\Android\Android Studio\jbr\bin\net.dll
0x00007ff8d4470000 - 0x00007ff8d4599000 	C:\WINDOWS\SYSTEM32\WINHTTP.dll
0x00007ff8e44d0000 - 0x00007ff8e453c000 	C:\WINDOWS\system32\mswsock.dll
0x00007ff8c9fb0000 - 0x00007ff8c9fc6000 	C:\Program Files\Android\Android Studio\jbr\bin\nio.dll
0x00007ff8c9600000 - 0x00007ff8c9610000 	C:\Program Files\Android\Android Studio\jbr\bin\verify.dll
0x00007ff8c9450000 - 0x00007ff8c9477000 	C:\Users\Alex\.gradle\native\c067742578af261105cb4f569cf0c3c89f3d7b1fecec35dd04571415982c5e48\windows-amd64\native-platform.dll
0x00007ff857720000 - 0x00007ff857864000 	C:\Users\Alex\.gradle\native\100fb08df4bc3b14c8652ba06237920a3bd2aa13389f12d3474272988ae205f9\windows-amd64\native-platform-file-events.dll
0x00007ff8c9630000 - 0x00007ff8c9639000 	C:\Program Files\Android\Android Studio\jbr\bin\management.dll
0x00007ff8c9620000 - 0x00007ff8c962b000 	C:\Program Files\Android\Android Studio\jbr\bin\management_ext.dll
0x00007ff8e6f40000 - 0x00007ff8e6f48000 	C:\WINDOWS\System32\PSAPI.DLL
0x00007ff8e48d0000 - 0x00007ff8e48eb000 	C:\WINDOWS\SYSTEM32\CRYPTSP.dll
0x00007ff8e3ee0000 - 0x00007ff8e3f19000 	C:\WINDOWS\system32\rsaenh.dll
0x00007ff8e4580000 - 0x00007ff8e45b3000 	C:\WINDOWS\SYSTEM32\USERENV.dll
0x00007ff8e5120000 - 0x00007ff8e514a000 	C:\WINDOWS\SYSTEM32\bcrypt.dll
0x00007ff8e4730000 - 0x00007ff8e473c000 	C:\WINDOWS\SYSTEM32\CRYPTBASE.dll
0x00007ff8e3a20000 - 0x00007ff8e3a52000 	C:\WINDOWS\SYSTEM32\IPHLPAPI.DLL
0x00007ff8e7060000 - 0x00007ff8e706a000 	C:\WINDOWS\System32\NSI.dll
0x00007ff8c9640000 - 0x00007ff8c9649000 	C:\Program Files\Android\Android Studio\jbr\bin\extnet.dll
0x00007ff8bbca0000 - 0x00007ff8bbca8000 	C:\WINDOWS\system32\wshunix.dll

dbghelp: loaded successfully - version: 4.0.5 - missing functions: none
symbol engine: initialized successfully - sym options: 0x614 - pdb path: .;C:\Program Files\Android\Android Studio\jbr\bin;C:\WINDOWS\SYSTEM32;C:\Program Files\Bitdefender\Bitdefender Security\bdhkm\dlls_268351235206952720;C:\Program Files\Bitdefender\Bitdefender Security\atcuf\dlls_268351235146064090;C:\WINDOWS\WinSxS\amd64_microsoft.windows.common-controls_6595b64144ccf1df_6.0.26100.8457_none_3e0b2faee331e92d;C:\Program Files\Android\Android Studio\jbr\bin\server;C:\Users\Alex\.gradle\native\c067742578af261105cb4f569cf0c3c89f3d7b1fecec35dd04571415982c5e48\windows-amd64;C:\Users\Alex\.gradle\native\100fb08df4bc3b14c8652ba06237920a3bd2aa13389f12d3474272988ae205f9\windows-amd64

VM Arguments:
jvm_args: -XX:MaxMetaspaceSize=512m --add-opens=java.base/java.util=ALL-UNNAMED --add-opens=java.base/java.lang=ALL-UNNAMED --add-opens=java.base/java.lang.invoke=ALL-UNNAMED --add-opens=java.prefs/java.util.prefs=ALL-UNNAMED --add-exports=jdk.compiler/com.sun.tools.javac.api=ALL-UNNAMED --add-exports=jdk.compiler/com.sun.tools.javac.util=ALL-UNNAMED --add-opens=java.base/java.nio.charset=ALL-UNNAMED --add-opens=java.base/java.net=ALL-UNNAMED --add-opens=java.base/java.util.concurrent.atomic=ALL-UNNAMED -Xmx1g -Dfile.encoding=UTF-8 -Duser.country=US -Duser.language=en -Duser.variant -javaagent:C:\Users\Alex\.gradle\wrapper\dists\gradle-8.9-bin\90cnw93cvbtalezasaz0blq0a\gradle-8.9\lib\agents\gradle-instrumentation-agent-8.9.jar 
java_command: org.gradle.launcher.daemon.bootstrap.GradleDaemon 8.9
java_class_path (initial): C:\Users\Alex\.gradle\wrapper\dists\gradle-8.9-bin\90cnw93cvbtalezasaz0blq0a\gradle-8.9\lib\gradle-daemon-main-8.9.jar
Launcher Type: SUN_STANDARD

[Global flags]
     intx CICompilerCount                          = 4                                         {product} {ergonomic}
   size_t CompressedClassSpaceSize                 = 436207616                                 {product} {ergonomic}
     uint ConcGCThreads                            = 2                                         {product} {ergonomic}
     uint G1ConcRefinementThreads                  = 8                                         {product} {ergonomic}
   size_t G1HeapRegionSize                         = 1048576                                   {product} {ergonomic}
    uintx GCDrainStackTargetSize                   = 64                                        {product} {ergonomic}
   size_t InitialHeapSize                          = 264241152                                 {product} {ergonomic}
   size_t MarkStackSize                            = 4194304                                   {product} {ergonomic}
   size_t MaxHeapSize                              = 1073741824                                {product} {command line}
   size_t MaxMetaspaceSize                         = 536870912                                 {product} {command line}
   size_t MaxNewSize                               = 643825664                                 {product} {ergonomic}
   size_t MinHeapDeltaBytes                        = 1048576                                   {product} {ergonomic}
   size_t MinHeapSize                              = 8388608                                   {product} {ergonomic}
    uintx NonNMethodCodeHeapSize                   = 5839372                                {pd product} {ergonomic}
    uintx NonProfiledCodeHeapSize                  = 122909434                              {pd product} {ergonomic}
    uintx ProfiledCodeHeapSize                     = 122909434                              {pd product} {ergonomic}
    uintx ReservedCodeCacheSize                    = 251658240                              {pd product} {ergonomic}
     bool SegmentedCodeCache                       = true                                      {product} {ergonomic}
   size_t SoftMaxHeapSize                          = 1073741824                             {manageable} {ergonomic}
     bool UseCompressedOops                        = true                           {product lp64_product} {ergonomic}
     bool UseG1GC                                  = true                                      {product} {ergonomic}
     bool UseLargePagesIndividualAllocation        = false                                  {pd product} {ergonomic}

Logging:
Log output configuration:
 #0: stdout all=warning uptime,level,tags foldmultilines=false
 #1: stderr all=off uptime,level,tags foldmultilines=false

Environment Variables:
JAVA_HOME=C:\Program Files\Java\jdk-19
PATH=C:\Program Files\Common Files\Oracle\Java\javapath;C:\Program Files (x86)\Common Files\Oracle\Java\javapath;C:\WINDOWS\system32;C:\WINDOWS;C:\WINDOWS\System32\Wbem;C:\WINDOWS\System32\WindowsPowerShell\v1.0\;C:\WINDOWS\System32\OpenSSH\;C:\Program Files\dotnet\;C:\msys64\mingw64\bin;C:\Program Files\Microsoft SQL Server\150\Tools\Binn\;C:\Program Files\Microsoft SQL Server\Client SDK\ODBC\170\Tools\Binn\;C:\Program Files\Git\cmd;C:\Users\Alex\apache-maven-3.9.9\bin;C:\Users\Alex\apache-maven-3.9.9\bin\bin;C:\Program Files (x86)\Microsoft SQL Server\160\DTS\Binn\;C:\Program Files (x86)\Microsoft SQL Server\160\Tools\Binn\;C:\Program Files\Microsoft SQL Server\160\Tools\Binn\;C:\Program Files\Microsoft SQL Server\160\DTS\Binn\;C:\Program Files\Docker\Docker\resources\bin;C:\Program Files (x86)\Windows Kits\10\Windows Performance Toolkit\;C:\Users\Alex\AppData\Local\Microsoft\WindowsApps;C:\Users\Alex\AppData\Local\Programs\Microsoft VS Code\bin;C:\Users\Alex\Desktop\Quartus\modelsim_ase\win32aloem;C:\Users\Alex\AppData\Local\Programs\Azure Data Studio\bin;;C:\Program Files\JetBrains\IntelliJ IDEA Community Edition 2024.3.4.1\bin;;C:\Users\Alex\AppData\Local\Programs\Warp\bin
USERNAME=Alex
OS=Windows_NT
PROCESSOR_IDENTIFIER=Intel64 Family 6 Model 140 Stepping 2, GenuineIntel
TMP=C:\Users\Alex\AppData\Local\Temp
TEMP=C:\Users\Alex\AppData\Local\Temp




Periodic native trim disabled

JNI global refs:
JNI global refs: 25, weak refs: 0

JNI global refs memory usage: 835, weak refs: 833

Process memory usage:
Resident Set Size: 235068K (1% of 16509732K total physical memory with 1030088K free physical memory)

OOME stack traces (most recent first):
Classloader memory used:
Loader bootstrap                                                                       : 17704K
Loader org.gradle.internal.classloader.VisitableURLClassLoader                         : 15122K
Loader org.gradle.initialization.MixInLegacyTypesClassLoader                           : 2160K
Loader org.gradle.internal.classloader.VisitableURLClassLoader                         : 714K
Loader jdk.internal.loader.ClassLoaders$AppClassLoader                                 : 230K
Loader jdk.internal.reflect.DelegatingClassLoader                                      : 148K
Loader jdk.internal.loader.ClassLoaders$PlatformClassLoader                            : 114K

Classes loaded by more than one classloader:
Class org.gradle.api.GradleException                                                  : loaded 3 times (x 79B)
Class org.gradle.internal.classloader.ClassLoaderHierarchy                            : loaded 2 times (x 67B)
Class org.gradle.api.internal.classpath.ManifestUtil                                  : loaded 2 times (x 68B)
Class org.gradle.internal.operations.MultipleBuildOperationFailures                   : loaded 2 times (x 92B)
Class org.gradle.internal.classloader.DefaultClassLoaderFactory                       : loaded 2 times (x 79B)
Class org.gradle.internal.classloader.ClassLoaderVisitor                              : loaded 2 times (x 73B)
Class org.gradle.api.internal.classpath.EffectiveClassPath                            : loaded 2 times (x 87B)
Class org.gradle.api.internal.DefaultClassPathProvider                                : loaded 2 times (x 73B)
Class [Lorg.gradle.api.internal.ClassPathProvider;                                    : loaded 2 times (x 66B)
Class org.gradle.api.internal.ClassPathProvider                                       : loaded 2 times (x 67B)
Class org.gradle.internal.service.UnknownServiceException                             : loaded 2 times (x 80B)
Class org.gradle.internal.classpath.TransformedClassPath                              : loaded 2 times (x 93B)
Class org.gradle.internal.service.ServiceLocator                                      : loaded 2 times (x 67B)
Class org.gradle.internal.InternalTransformer                                         : loaded 2 times (x 67B)
Class org.gradle.internal.time.DefaultTimer                                           : loaded 2 times (x 77B)
Class org.gradle.internal.classloader.ClasspathUtil$1                                 : loaded 2 times (x 73B)
Class org.gradle.api.internal.classpath.DefaultModuleRegistry$DefaultModule           : loaded 2 times (x 83B)
Class org.gradle.internal.time.DefaultCountdownTimer                                  : loaded 2 times (x 85B)
Class kotlin.Function                                                                 : loaded 2 times (x 67B)
Class org.gradle.api.internal.classpath.Module                                        : loaded 2 times (x 67B)
Class org.gradle.api.internal.classpath.UnknownModuleException                        : loaded 2 times (x 79B)
Class org.gradle.api.internal.DefaultClassPathRegistry                                : loaded 2 times (x 73B)
Class org.gradle.api.internal.ClassPathRegistry                                       : loaded 2 times (x 67B)
Class org.gradle.internal.classpath.DefaultClassPath$ImmutableUniqueList              : loaded 2 times (x 196B)
Class org.gradle.internal.classpath.ClassPath                                         : loaded 2 times (x 67B)
Class org.gradle.api.UncheckedIOException                                             : loaded 2 times (x 79B)
Class kotlin.UninitializedPropertyAccessException                                     : loaded 2 times (x 79B)
Class org.gradle.internal.installation.GradleInstallation$1                           : loaded 2 times (x 72B)
Class org.gradle.api.internal.classpath.ModuleRegistry                                : loaded 2 times (x 67B)
Class org.gradle.api.internal.classpath.DefaultModuleRegistry                         : loaded 2 times (x 80B)
Class org.gradle.internal.time.MonotonicClock                                         : loaded 2 times (x 74B)
Class org.gradle.internal.service.ServiceLookupException                              : loaded 2 times (x 79B)
Class org.gradle.internal.classloader.ClassLoaderFactory                              : loaded 2 times (x 67B)
Class org.gradle.internal.service.CachingServiceLocator                               : loaded 2 times (x 79B)
Class org.gradle.internal.time.TimeSource                                             : loaded 2 times (x 67B)
Class org.gradle.internal.exceptions.ResolutionProvider                               : loaded 2 times (x 67B)
Class org.gradle.internal.classloader.ClasspathUtil                                   : loaded 2 times (x 68B)
Class org.gradle.internal.time.TimeSource$1                                           : loaded 2 times (x 74B)
Class org.gradle.api.specs.Spec                                                       : loaded 2 times (x 67B)
Class org.gradle.internal.time.Clock                                                  : loaded 2 times (x 67B)
Class org.gradle.internal.classloader.VisitableURLClassLoader$InstrumentingVisitableURLClassLoader: loaded 2 times (x 120B)
Class org.gradle.internal.classloader.VisitableURLClassLoader$Spec                    : loaded 2 times (x 71B)
Class org.gradle.internal.classpath.DefaultClassPath                                  : loaded 2 times (x 87B)
Class org.gradle.internal.classloader.ClassLoaderSpec                                 : loaded 2 times (x 68B)
Class org.gradle.internal.classloader.VisitableURLClassLoader                         : loaded 2 times (x 114B)
Class org.gradle.internal.Cast                                                        : loaded 2 times (x 68B)
Class org.gradle.api.Action                                                           : loaded 2 times (x 67B)
Class org.gradle.internal.agents.InstrumentingClassLoader                             : loaded 2 times (x 67B)
Class org.gradle.internal.classpath.DefaultClassPath$ImmutableUniqueList$Builder      : loaded 2 times (x 72B)
Class org.gradle.internal.classloader.FilteringClassLoader                            : loaded 2 times (x 102B)
Class org.gradle.internal.exceptions.NonGradleCauseExceptionsHolder                   : loaded 2 times (x 67B)
Class org.gradle.internal.IoActions                                                   : loaded 2 times (x 68B)
Class org.gradle.internal.classloader.SystemClassLoaderSpec                           : loaded 2 times (x 68B)
Class org.gradle.internal.exceptions.MultiCauseException                              : loaded 2 times (x 67B)
Class org.gradle.internal.time.CountdownTimer                                         : loaded 2 times (x 67B)
Class kotlin.jvm.internal.Intrinsics                                                  : loaded 2 times (x 68B)
Class kotlin.KotlinNullPointerException                                               : loaded 2 times (x 80B)
Class org.gradle.internal.exceptions.DefaultMultiCauseException                       : loaded 2 times (x 92B)
Class org.gradle.internal.time.Time                                                   : loaded 2 times (x 68B)
Class org.gradle.internal.time.Timer                                                  : loaded 2 times (x 67B)
Class org.gradle.internal.installation.CurrentGradleInstallationLocator               : loaded 2 times (x 68B)
Class org.gradle.internal.service.DefaultServiceLocator                               : loaded 2 times (x 80B)
Class org.gradle.util.GradleVersion                                                   : loaded 2 times (x 80B)
Class org.gradle.internal.installation.CurrentGradleInstallation                      : loaded 2 times (x 70B)
Class org.gradle.util.internal.GUtil                                                  : loaded 2 times (x 68B)
Class org.gradle.internal.installation.GradleInstallation                             : loaded 2 times (x 72B)

---------------  S Y S T E M  ---------------

OS:
 Windows 11 , 64 bit Build 26100 (10.0.26100.8328)
OS uptime: 1 days 0:21 hours
Hyper-V role detected

CPU: total 8 (initial active 8) (4 cores per cpu, 2 threads per core) family 6 model 140 stepping 2 microcode 0x3c, cx8, cmov, fxsr, ht, mmx, 3dnowpref, sse, sse2, sse3, ssse3, sse4.1, sse4.2, popcnt, lzcnt, tsc, tscinvbit, avx, avx2, aes, erms, clmul, bmi1, bmi2, adx, avx512f, avx512dq, avx512cd, avx512bw, avx512vl, sha, fma, vzeroupper, avx512_vpopcntdq, avx512_vpclmulqdq, avx512_vaes, avx512_vnni, clflush, clflushopt, clwb, avx512_vbmi2, avx512_vbmi, hv, rdtscp, rdpid, fsrm, gfni, avx512_bitalg, f16c, cet_ibt, cet_ss, avx512_ifma
Processor Information for all 8 processors :
  Max Mhz: 2496, Current Mhz: 2496, Mhz Limit: 2496

Memory: 4k page, system-wide physical 16122M (1021M free)
TotalPageFile size 24314M (AvailPageFile size 14M)
current process WorkingSet (physical memory assigned to process): 230M, peak: 232M
current process commit charge ("private bytes"): 268M, peak: 381M

vm_info: OpenJDK 64-Bit Server VM (21.0.3+-12282718-b509.11) for windows-amd64 JRE (21.0.3+-12282718-b509.11), built on 2024-08-27T17:34:15Z by "builder" with MS VC++ 16.10 / 16.11 (VS2019)

END.
